{"meta": {"format": 3, "version": "7.15.3", "timestamp": "2026-08-03T21:07:33.446477", "branch_coverage": true, "show_contexts": false}, "files": {"src/lhos/__init__.py": {"executed_lines": [], "summary": {"covered_lines": 0, "num_statements": 0, "percent_covered": 100.0, "percent_covered_display": "100", "missing_lines": 0, "excluded_lines": 0, "percent_statements_covered": 100.0, "percent_statements_covered_display": "100", "num_branches": 0, "num_partial_branches": 0, "covered_branches": 0, "missing_branches": 0, "percent_branches_covered": 100.0, "percent_branches_covered_display": "100"}, "missing_lines": [], "excluded_lines": [], "executed_branches": [], "missing_branches": [], "functions": {"": {"executed_lines": [], "summary": {"covered_lines": 0, "num_statements": 0, "percent_covered": 100.0, "percent_covered_display": "100", "missing_lines": 0, "excluded_lines": 0, "percent_statements_covered": 100.0, "percent_statements_covered_display": "100", "num_branches": 0, "num_partial_branches": 0, "covered_branches": 0, "missing_branches": 0, "percent_branches_covered": 100.0, "percent_branches_covered_display": "100"}, "missing_lines": [], "excluded_lines": [], "start_line": 1, "executed_branches": [], "missing_branches": []}}, "classes": {"": {"executed_lines": [], "summary": {"covered_lines": 0, "num_statements": 0, "percent_covered": 100.0, "percent_covered_display": "100", "missing_lines": 0, "excluded_lines": 0, "percent_statements_covered": 100.0, "percent_statements_covered_display": "100", "num_branches": 0, "num_partial_branches": 0, "covered_branches": 0, "missing_branches": 0, "percent_branches_covered": 100.0, "percent_branches_covered_display": "100"}, "missing_lines": [], "excluded_lines": [], "start_line": 1, "executed_branches": [], "missing_branches": []}}}, "src/lhos/agents/__init__.py": {"executed_lines": [], "summary": {"covered_lines": 0, "num_statements": 0, "percent_covered": 100.0, "percent_covered_display": "100", "missing_lines": 0, "excluded_lines": 0, "percent_statements_covered": 100.0, "percent_statements_covered_display": "100", "num_branches": 0, "num_partial_branches": 0, "covered_branches": 0, "missing_branches": 0, "percent_branches_covered": 100.0, "percent_branches_covered_display": "100"}, "missing_lines": [], "excluded_lines": [], "executed_branches": [], "missing_branches": [], "functions": {"": {"executed_lines": [], "summary": {"covered_lines": 0, "num_statements": 0, "percent_covered": 100.0, "percent_covered_display": "100", "missing_lines": 0, "excluded_lines": 0, "percent_statements_covered": 100.0, "percent_statements_covered_display": "100", "num_branches": 0, "num_partial_branches": 0, "covered_branches": 0, "missing_branches": 0, "percent_branches_covered": 100.0, "percent_branches_covered_display": "100"}, "missing_lines": [], "excluded_lines": [], "start_line": 1, "executed_branches": [], "missing_branches": []}}, "classes": {"": {"executed_lines": [], "summary": {"covered_lines": 0, "num_statements": 0, "percent_covered": 100.0, "percent_covered_display": "100", "missing_lines": 0, "excluded_lines": 0, "percent_statements_covered": 100.0, "percent_statements_covered_display": "100", "num_branches": 0, "num_partial_branches": 0, "covered_branches": 0, "missing_branches": 0, "percent_branches_covered": 100.0, "percent_branches_covered_display": "100"}, "missing_lines": [], "excluded_lines": [], "start_line": 1, "executed_branches": [], "missing_branches": []}}}, "src/lhos/agents/executor.py": {"executed_lines": [], "summary": {"covered_lines": 0, "num_statements": 22, "percent_covered": 0.0, "percent_covered_display": "0", "missing_lines": 22, "excluded_lines": 0, "percent_statements_covered": 0.0, "percent_statements_covered_display": "0", "num_branches": 0, "num_partial_branches": 0, "covered_branches": 0, "missing_branches": 0, "percent_branches_covered": 100.0, "percent_branches_covered_display": "100"}, "missing_lines": [9, 11, 13, 15, 16, 18, 19, 22, 23, 24, 25, 26, 27, 30, 31, 32, 33, 34, 36, 37, 46, 49], "excluded_lines": [], "executed_branches": [], "missing_branches": [], "functions": {"ExecutorAgent.__init__": {"executed_lines": [], "summary": {"covered_lines": 0, "num_statements": 3, "percent_covered": 0.0, "percent_covered_display": "0", "missing_lines": 3, "excluded_lines": 0, "percent_statements_covered": 0.0, "percent_statements_covered_display": "0", "num_branches": 0, "num_partial_branches": 0, "covered_branches": 0, "missing_branches": 0, "percent_branches_covered": 100.0, "percent_branches_covered_display": "100"}, "missing_lines": [32, 33, 34], "excluded_lines": [], "start_line": 31, "executed_branches": [], "missing_branches": []}, "ExecutorAgent.execute": {"executed_lines": [], "summary": {"covered_lines": 0, "num_statements": 3, "percent_covered": 0.0, "percent_covered_display": "0", "missing_lines": 3, "excluded_lines": 0, "percent_statements_covered": 0.0, "percent_statements_covered_display": "0", "num_branches": 0, "num_partial_branches": 0, "covered_branches": 0, "missing_branches": 0, "percent_branches_covered": 100.0, "percent_branches_covered_display": "100"}, "missing_lines": [37, 46, 49], "excluded_lines": [], "start_line": 36, "executed_branches": [], "missing_branches": []}, "": {"executed_lines": [], "summary": {"covered_lines": 0, "num_statements": 16, "percent_covered": 0.0, "percent_covered_display": "0", "missing_lines": 16, "excluded_lines": 0, "percent_statements_covered": 0.0, "percent_statements_covered_display": "0", "num_branches": 0, "num_partial_branches": 0, "covered_branches": 0, "missing_branches": 0, "percent_branches_covered": 100.0, "percent_branches_covered_display": "100"}, "missing_lines": [9, 11, 13, 15, 16, 18, 19, 22, 23, 24, 25, 26, 27, 30, 31, 36], "excluded_lines": [], "start_line": 1, "executed_branches": [], "missing_branches": []}}, "classes": {"ExecutorOutput": {"executed_lines": [], "summary": {"covered_lines": 0, "num_statements": 0, "percent_covered": 100.0, "percent_covered_display": "100", "missing_lines": 0, "excluded_lines": 0, "percent_statements_covered": 100.0, "percent_statements_covered_display": "100", "num_branches": 0, "num_partial_branches": 0, "covered_branches": 0, "missing_branches": 0, "percent_branches_covered": 100.0, "percent_branches_covered_display": "100"}, "missing_lines": [], "excluded_lines": [], "start_line": 22, "executed_branches": [], "missing_branches": []}, "ExecutorAgent": {"executed_lines": [], "summary": {"covered_lines": 0, "num_statements": 6, "percent_covered": 0.0, "percent_covered_display": "0", "missing_lines": 6, "excluded_lines": 0, "percent_statements_covered": 0.0, "percent_statements_covered_display": "0", "num_branches": 0, "num_partial_branches": 0, "covered_branches": 0, "missing_branches": 0, "percent_branches_covered": 100.0, "percent_branches_covered_display": "100"}, "missing_lines": [32, 33, 34, 37, 46, 49], "excluded_lines": [], "start_line": 30, "executed_branches": [], "missing_branches": []}, "": {"executed_lines": [], "summary": {"covered_lines": 0, "num_statements": 16, "percent_covered": 0.0, "percent_covered_display": "0", "missing_lines": 16, "excluded_lines": 0, "percent_statements_covered": 0.0, "percent_statements_covered_display": "0", "num_branches": 0, "num_partial_branches": 0, "covered_branches": 0, "missing_branches": 0, "percent_branches_covered": 100.0, "percent_branches_covered_display": "100"}, "missing_lines": [9, 11, 13, 15, 16, 18, 19, 22, 23, 24, 25, 26, 27, 30, 31, 36], "excluded_lines": [], "start_line": 1, "executed_branches": [], "missing_branches": []}}}, "src/lhos/agents/planner.py": {"executed_lines": [], "summary": {"covered_lines": 0, "num_statements": 23, "percent_covered": 0.0, "percent_covered_display": "0", "missing_lines": 23, "excluded_lines": 0, "percent_statements_covered": 0.0, "percent_statements_covered_display": "0", "num_branches": 2, "num_partial_branches": 0, "covered_branches": 0, "missing_branches": 2, "percent_branches_covered": 0.0, "percent_branches_covered_display": "0"}, "missing_lines": [8, 10, 11, 13, 15, 16, 18, 19, 22, 23, 24, 27, 28, 29, 30, 31, 33, 41, 46, 47, 48, 49, 50], "excluded_lines": [], "executed_branches": [], "missing_branches": [[48, 49], [48, 50]], "functions": {"InitialPlanner.__init__": {"executed_lines": [], "summary": {"covered_lines": 0, "num_statements": 3, "percent_covered": 0.0, "percent_covered_display": "0", "missing_lines": 3, "excluded_lines": 0, "percent_statements_covered": 0.0, "percent_statements_covered_display": "0", "num_branches": 0, "num_partial_branches": 0, "covered_branches": 0, "missing_branches": 0, "percent_branches_covered": 100.0, "percent_branches_covered_display": "100"}, "missing_lines": [29, 30, 31], "excluded_lines": [], "start_line": 28, "executed_branches": [], "missing_branches": []}, "InitialPlanner.plan": {"executed_lines": [], "summary": {"covered_lines": 0, "num_statements": 6, "percent_covered": 0.0, "percent_covered_display": "0", "missing_lines": 6, "excluded_lines": 0, "percent_statements_covered": 0.0, "percent_statements_covered_display": "0", "num_branches": 2, "num_partial_branches": 0, "covered_branches": 0, "missing_branches": 2, "percent_branches_covered": 0.0, "percent_branches_covered_display": "0"}, "missing_lines": [41, 46, 47, 48, 49, 50], "excluded_lines": [], "start_line": 33, "executed_branches": [], "missing_branches": [[48, 49], [48, 50]]}, "": {"executed_lines": [], "summary": {"covered_lines": 0, "num_statements": 14, "percent_covered": 0.0, "percent_covered_display": "0", "missing_lines": 14, "excluded_lines": 0, "percent_statements_covered": 0.0, "percent_statements_covered_display": "0", "num_branches": 0, "num_partial_branches": 0, "covered_branches": 0, "missing_branches": 0, "percent_branches_covered": 100.0, "percent_branches_covered_display": "100"}, "missing_lines": [8, 10, 11, 13, 15, 16, 18, 19, 22, 23, 24, 27, 28, 33], "excluded_lines": [], "start_line": 1, "executed_branches": [], "missing_branches": []}}, "classes": {"InitialPlanOutput": {"executed_lines": [], "summary": {"covered_lines": 0, "num_statements": 0, "percent_covered": 100.0, "percent_covered_display": "100", "missing_lines": 0, "excluded_lines": 0, "percent_statements_covered": 100.0, "percent_statements_covered_display": "100", "num_branches": 0, "num_partial_branches": 0, "covered_branches": 0, "missing_branches": 0, "percent_branches_covered": 100.0, "percent_branches_covered_display": "100"}, "missing_lines": [], "excluded_lines": [], "start_line": 22, "executed_branches": [], "missing_branches": []}, "InitialPlanner": {"executed_lines": [], "summary": {"covered_lines": 0, "num_statements": 9, "percent_covered": 0.0, "percent_covered_display": "0", "missing_lines": 9, "excluded_lines": 0, "percent_statements_covered": 0.0, "percent_statements_covered_display": "0", "num_branches": 2, "num_partial_branches": 0, "covered_branches": 0, "missing_branches": 2, "percent_branches_covered": 0.0, "percent_branches_covered_display": "0"}, "missing_lines": [29, 30, 31, 41, 46, 47, 48, 49, 50], "excluded_lines": [], "start_line": 27, "executed_branches": [], "missing_branches": [[48, 49], [48, 50]]}, "": {"executed_lines": [], "summary": {"covered_lines": 0, "num_statements": 14, "percent_covered": 0.0, "percent_covered_display": "0", "missing_lines": 14, "excluded_lines": 0, "percent_statements_covered": 0.0, "percent_statements_covered_display": "0", "num_branches": 0, "num_partial_branches": 0, "covered_branches": 0, "missing_branches": 0, "percent_branches_covered": 100.0, "percent_branches_covered_display": "100"}, "missing_lines": [8, 10, 11, 13, 15, 16, 18, 19, 22, 23, 24, 27, 28, 33], "excluded_lines": [], "start_line": 1, "executed_branches": [], "missing_branches": []}}}, "src/lhos/agents/semantic_reconciler.py": {"executed_lines": [], "summary": {"covered_lines": 0, "num_statements": 14, "percent_covered": 0.0, "percent_covered_display": "0", "missing_lines": 14, "excluded_lines": 0, "percent_statements_covered": 0.0, "percent_statements_covered_display": "0", "num_branches": 2, "num_partial_branches": 0, "covered_branches": 0, "missing_branches": 2, "percent_branches_covered": 0.0, "percent_branches_covered_display": "0"}, "missing_lines": [9, 11, 13, 15, 16, 19, 20, 21, 22, 23, 25, 26, 27, 31], "excluded_lines": [], "executed_branches": [], "missing_branches": [[26, 27], [26, 31]], "functions": {"SemanticReconcilerStub.__init__": {"executed_lines": [], "summary": {"covered_lines": 0, "num_statements": 3, "percent_covered": 0.0, "percent_covered_display": "0", "missing_lines": 3, "excluded_lines": 0, "percent_statements_covered": 0.0, "percent_statements_covered_display": "0", "num_branches": 0, "num_partial_branches": 0, "covered_branches": 0, "missing_branches": 0, "percent_branches_covered": 100.0, "percent_branches_covered_display": "100"}, "missing_lines": [21, 22, 23], "excluded_lines": [], "start_line": 20, "executed_branches": [], "missing_branches": []}, "SemanticReconcilerStub.reconcile": {"executed_lines": [], "summary": {"covered_lines": 0, "num_statements": 3, "percent_covered": 0.0, "percent_covered_display": "0", "missing_lines": 3, "excluded_lines": 0, "percent_statements_covered": 0.0, "percent_statements_covered_display": "0", "num_branches": 2, "num_partial_branches": 0, "covered_branches": 0, "missing_branches": 2, "percent_branches_covered": 0.0, "percent_branches_covered_display": "0"}, "missing_lines": [26, 27, 31], "excluded_lines": [], "start_line": 25, "executed_branches": [], "missing_branches": [[26, 27], [26, 31]]}, "": {"executed_lines": [], "summary": {"covered_lines": 0, "num_statements": 8, "percent_covered": 0.0, "percent_covered_display": "0", "missing_lines": 8, "excluded_lines": 0, "percent_statements_covered": 0.0, "percent_statements_covered_display": "0", "num_branches": 0, "num_partial_branches": 0, "covered_branches": 0, "missing_branches": 0, "percent_branches_covered": 100.0, "percent_branches_covered_display": "100"}, "missing_lines": [9, 11, 13, 15, 16, 19, 20, 25], "excluded_lines": [], "start_line": 1, "executed_branches": [], "missing_branches": []}}, "classes": {"SemanticReconcilerStub": {"executed_lines": [], "summary": {"covered_lines": 0, "num_statements": 6, "percent_covered": 0.0, "percent_covered_display": "0", "missing_lines": 6, "excluded_lines": 0, "percent_statements_covered": 0.0, "percent_statements_covered_display": "0", "num_branches": 2, "num_partial_branches": 0, "covered_branches": 0, "missing_branches": 2, "percent_branches_covered": 0.0, "percent_branches_covered_display": "0"}, "missing_lines": [21, 22, 23, 26, 27, 31], "excluded_lines": [], "start_line": 19, "executed_branches": [], "missing_branches": [[26, 27], [26, 31]]}, "": {"executed_lines": [], "summary": {"covered_lines": 0, "num_statements": 8, "percent_covered": 0.0, "percent_covered_display": "0", "missing_lines": 8, "excluded_lines": 0, "percent_statements_covered": 0.0, "percent_statements_covered_display": "0", "num_branches": 0, "num_partial_branches": 0, "covered_branches": 0, "missing_branches": 0, "percent_branches_covered": 100.0, "percent_branches_covered_display": "100"}, "missing_lines": [9, 11, 13, 15, 16, 19, 20, 25], "excluded_lines": [], "start_line": 1, "executed_branches": [], "missing_branches": []}}}, "src/lhos/benchmarks/__init__.py": {"executed_lines": [], "summary": {"covered_lines": 0, "num_statements": 0, "percent_covered": 100.0, "percent_covered_display": "100", "missing_lines": 0, "excluded_lines": 0, "percent_statements_covered": 100.0, "percent_statements_covered_display": "100", "num_branches": 0, "num_partial_branches": 0, "covered_branches": 0, "missing_branches": 0, "percent_branches_covered": 100.0, "percent_branches_covered_display": "100"}, "missing_lines": [], "excluded_lines": [], "executed_branches": [], "missing_branches": [], "functions": {"": {"executed_lines": [], "summary": {"covered_lines": 0, "num_statements": 0, "percent_covered": 100.0, "percent_covered_display": "100", "missing_lines": 0, "excluded_lines": 0, "percent_statements_covered": 100.0, "percent_statements_covered_display": "100", "num_branches": 0, "num_partial_branches": 0, "covered_branches": 0, "missing_branches": 0, "percent_branches_covered": 100.0, "percent_branches_covered_display": "100"}, "missing_lines": [], "excluded_lines": [], "start_line": 1, "executed_branches": [], "missing_branches": []}}, "classes": {"": {"executed_lines": [], "summary": {"covered_lines": 0, "num_statements": 0, "percent_covered": 100.0, "percent_covered_display": "100", "missing_lines": 0, "excluded_lines": 0, "percent_statements_covered": 100.0, "percent_statements_covered_display": "100", "num_branches": 0, "num_partial_branches": 0, "covered_branches": 0, "missing_branches": 0, "percent_branches_covered": 100.0, "percent_branches_covered_display": "100"}, "missing_lines": [], "excluded_lines": [], "start_line": 1, "executed_branches": [], "missing_branches": []}}}, "src/lhos/benchmarks/adapter.py": {"executed_lines": [], "summary": {"covered_lines": 0, "num_statements": 47, "percent_covered": 0.0, "percent_covered_display": "0", "missing_lines": 47, "excluded_lines": 8, "percent_statements_covered": 0.0, "percent_statements_covered_display": "0", "num_branches": 6, "num_partial_branches": 0, "covered_branches": 0, "missing_branches": 6, "percent_branches_covered": 0.0, "percent_branches_covered_display": "0"}, "missing_lines": [8, 10, 11, 13, 15, 16, 17, 20, 23, 24, 25, 26, 29, 39, 46, 51, 52, 53, 54, 56, 57, 58, 59, 62, 63, 64, 66, 67, 68, 70, 71, 72, 81, 83, 84, 85, 87, 88, 89, 90, 91, 104, 115, 117, 119, 120, 121], "excluded_lines": [31, 32, 33, 34, 35, 36, 37, 38], "executed_branches": [], "missing_branches": [[58, 59], [58, 62], [88, 89], [88, 90], [120, -119], [120, 121]], "functions": {"BenchmarkAdapter.reset": {"executed_lines": [], "summary": {"covered_lines": 0, "num_statements": 0, "percent_covered": 100.0, "percent_covered_display": "100", "missing_lines": 0, "excluded_lines": 1, "percent_statements_covered": 100.0, "percent_statements_covered_display": "100", "num_branches": 0, "num_partial_branches": 0, "covered_branches": 0, "missing_branches": 0, "percent_branches_covered": 100.0, "percent_branches_covered_display": "100"}, "missing_lines": [], "excluded_lines": [32], "start_line": 32, "executed_branches": [], "missing_branches": []}, "BenchmarkAdapter.get_goal": {"executed_lines": [], "summary": {"covered_lines": 0, "num_statements": 0, "percent_covered": 100.0, "percent_covered_display": "100", "missing_lines": 0, "excluded_lines": 1, "percent_statements_covered": 100.0, "percent_statements_covered_display": "100", "num_branches": 0, "num_partial_branches": 0, "covered_branches": 0, "missing_branches": 0, "percent_branches_covered": 100.0, "percent_branches_covered_display": "100"}, "missing_lines": [], "excluded_lines": [33], "start_line": 33, "executed_branches": [], "missing_branches": []}, "BenchmarkAdapter.get_environment_snapshot": {"executed_lines": [], "summary": {"covered_lines": 0, "num_statements": 0, "percent_covered": 100.0, "percent_covered_display": "100", "missing_lines": 0, "excluded_lines": 1, "percent_statements_covered": 100.0, "percent_statements_covered_display": "100", "num_branches": 0, "num_partial_branches": 0, "covered_branches": 0, "missing_branches": 0, "percent_branches_covered": 100.0, "percent_branches_covered_display": "100"}, "missing_lines": [], "excluded_lines": [34], "start_line": 34, "executed_branches": [], "missing_branches": []}, "BenchmarkAdapter.score": {"executed_lines": [], "summary": {"covered_lines": 0, "num_statements": 0, "percent_covered": 100.0, "percent_covered_display": "100", "missing_lines": 0, "excluded_lines": 1, "percent_statements_covered": 100.0, "percent_statements_covered_display": "100", "num_branches": 0, "num_partial_branches": 0, "covered_branches": 0, "missing_branches": 0, "percent_branches_covered": 100.0, "percent_branches_covered_display": "100"}, "missing_lines": [], "excluded_lines": [35], "start_line": 35, "executed_branches": [], "missing_branches": []}, "BenchmarkAdapter.cleanup": {"executed_lines": [], "summary": {"covered_lines": 0, "num_statements": 0, "percent_covered": 100.0, "percent_covered_display": "100", "missing_lines": 0, "excluded_lines": 1, "percent_statements_covered": 100.0, "percent_statements_covered_display": "100", "num_branches": 0, "num_partial_branches": 0, "covered_branches": 0, "missing_branches": 0, "percent_branches_covered": 100.0, "percent_branches_covered_display": "100"}, "missing_lines": [], "excluded_lines": [36], "start_line": 36, "executed_branches": [], "missing_branches": []}, "ControlledAdapter.__init__": {"executed_lines": [], "summary": {"covered_lines": 0, "num_statements": 4, "percent_covered": 0.0, "percent_covered_display": "0", "missing_lines": 4, "excluded_lines": 0, "percent_statements_covered": 0.0, "percent_statements_covered_display": "0", "num_branches": 0, "num_partial_branches": 0, "covered_branches": 0, "missing_branches": 0, "percent_branches_covered": 100.0, "percent_branches_covered_display": "100"}, "missing_lines": [51, 52, 53, 54], "excluded_lines": [], "start_line": 46, "executed_branches": [], "missing_branches": []}, "ControlledAdapter.reset": {"executed_lines": [], "summary": {"covered_lines": 0, "num_statements": 6, "percent_covered": 0.0, "percent_covered_display": "0", "missing_lines": 6, "excluded_lines": 0, "percent_statements_covered": 0.0, "percent_statements_covered_display": "0", "num_branches": 2, "num_partial_branches": 0, "covered_branches": 0, "missing_branches": 2, "percent_branches_covered": 0.0, "percent_branches_covered_display": "0"}, "missing_lines": [57, 58, 59, 62, 63, 64], "excluded_lines": [], "start_line": 56, "executed_branches": [], "missing_branches": [[58, 59], [58, 62]]}, "ControlledAdapter.get_goal": {"executed_lines": [], "summary": {"covered_lines": 0, "num_statements": 2, "percent_covered": 0.0, "percent_covered_display": "0", "missing_lines": 2, "excluded_lines": 0, "percent_statements_covered": 0.0, "percent_statements_covered_display": "0", "num_branches": 0, "num_partial_branches": 0, "covered_branches": 0, "missing_branches": 0, "percent_branches_covered": 100.0, "percent_branches_covered_display": "100"}, "missing_lines": [67, 68], "excluded_lines": [], "start_line": 66, "executed_branches": [], "missing_branches": []}, "ControlledAdapter.get_environment_snapshot": {"executed_lines": [], "summary": {"covered_lines": 0, "num_statements": 2, "percent_covered": 0.0, "percent_covered_display": "0", "missing_lines": 2, "excluded_lines": 0, "percent_statements_covered": 0.0, "percent_statements_covered_display": "0", "num_branches": 0, "num_partial_branches": 0, "covered_branches": 0, "missing_branches": 0, "percent_branches_covered": 100.0, "percent_branches_covered_display": "100"}, "missing_lines": [71, 72], "excluded_lines": [], "start_line": 70, "executed_branches": [], "missing_branches": []}, "ControlledAdapter.run": {"executed_lines": [], "summary": {"covered_lines": 0, "num_statements": 3, "percent_covered": 0.0, "percent_covered_display": "0", "missing_lines": 3, "excluded_lines": 0, "percent_statements_covered": 0.0, "percent_statements_covered_display": "0", "num_branches": 0, "num_partial_branches": 0, "covered_branches": 0, "missing_branches": 0, "percent_branches_covered": 100.0, "percent_branches_covered_display": "100"}, "missing_lines": [83, 84, 85], "excluded_lines": [], "start_line": 81, "executed_branches": [], "missing_branches": []}, "ControlledAdapter.score": {"executed_lines": [], "summary": {"covered_lines": 0, "num_statements": 5, "percent_covered": 0.0, "percent_covered_display": "0", "missing_lines": 5, "excluded_lines": 0, "percent_statements_covered": 0.0, "percent_statements_covered_display": "0", "num_branches": 2, "num_partial_branches": 0, "covered_branches": 0, "missing_branches": 2, "percent_branches_covered": 0.0, "percent_branches_covered_display": "0"}, "missing_lines": [88, 89, 90, 91, 104], "excluded_lines": [], "start_line": 87, "executed_branches": [], "missing_branches": [[88, 89], [88, 90]]}, "ControlledAdapter.cleanup": {"executed_lines": [], "summary": {"covered_lines": 0, "num_statements": 1, "percent_covered": 0.0, "percent_covered_display": "0", "missing_lines": 1, "excluded_lines": 0, "percent_statements_covered": 0.0, "percent_statements_covered_display": "0", "num_branches": 0, "num_partial_branches": 0, "covered_branches": 0, "missing_branches": 0, "percent_branches_covered": 100.0, "percent_branches_covered_display": "100"}, "missing_lines": [117], "excluded_lines": [], "start_line": 115, "executed_branches": [], "missing_branches": []}, "ControlledAdapter._require_task": {"executed_lines": [], "summary": {"covered_lines": 0, "num_statements": 2, "percent_covered": 0.0, "percent_covered_display": "0", "missing_lines": 2, "excluded_lines": 0, "percent_statements_covered": 0.0, "percent_statements_covered_display": "0", "num_branches": 2, "num_partial_branches": 0, "covered_branches": 0, "missing_branches": 2, "percent_branches_covered": 0.0, "percent_branches_covered_display": "0"}, "missing_lines": [120, 121], "excluded_lines": [], "start_line": 119, "executed_branches": [], "missing_branches": [[120, -119], [120, 121]]}, "": {"executed_lines": [], "summary": {"covered_lines": 0, "num_statements": 22, "percent_covered": 0.0, "percent_covered_display": "0", "missing_lines": 22, "excluded_lines": 3, "percent_statements_covered": 0.0, "percent_statements_covered_display": "0", "num_branches": 0, "num_partial_branches": 0, "covered_branches": 0, "missing_branches": 0, "percent_branches_covered": 100.0, "percent_branches_covered_display": "100"}, "missing_lines": [8, 10, 11, 13, 15, 16, 17, 20, 23, 24, 25, 26, 29, 39, 46, 56, 66, 70, 81, 87, 115, 119], "excluded_lines": [31, 37, 38], "start_line": 1, "executed_branches": [], "missing_branches": []}}, "classes": {"BenchmarkScore": {"executed_lines": [], "summary": {"covered_lines": 0, "num_statements": 0, "percent_covered": 100.0, "percent_covered_display": "100", "missing_lines": 0, "excluded_lines": 0, "percent_statements_covered": 100.0, "percent_statements_covered_display": "100", "num_branches": 0, "num_partial_branches": 0, "covered_branches": 0, "missing_branches": 0, "percent_branches_covered": 100.0, "percent_branches_covered_display": "100"}, "missing_lines": [], "excluded_lines": [], "start_line": 20, "executed_branches": [], "missing_branches": []}, "BenchmarkAdapter": {"executed_lines": [], "summary": {"covered_lines": 0, "num_statements": 0, "percent_covered": 100.0, "percent_covered_display": "100", "missing_lines": 0, "excluded_lines": 5, "percent_statements_covered": 100.0, "percent_statements_covered_display": "100", "num_branches": 0, "num_partial_branches": 0, "covered_branches": 0, "missing_branches": 0, "percent_branches_covered": 100.0, "percent_branches_covered_display": "100"}, "missing_lines": [], "excluded_lines": [32, 33, 34, 35, 36], "start_line": 29, "executed_branches": [], "missing_branches": []}, "ControlledAdapter": {"executed_lines": [], "summary": {"covered_lines": 0, "num_statements": 25, "percent_covered": 0.0, "percent_covered_display": "0", "missing_lines": 25, "excluded_lines": 0, "percent_statements_covered": 0.0, "percent_statements_covered_display": "0", "num_branches": 6, "num_partial_branches": 0, "covered_branches": 0, "missing_branches": 6, "percent_branches_covered": 0.0, "percent_branches_covered_display": "0"}, "missing_lines": [51, 52, 53, 54, 57, 58, 59, 62, 63, 64, 67, 68, 71, 72, 83, 84, 85, 88, 89, 90, 91, 104, 117, 120, 121], "excluded_lines": [], "start_line": 39, "executed_branches": [], "missing_branches": [[58, 59], [58, 62], [88, 89], [88, 90], [120, -119], [120, 121]]}, "": {"executed_lines": [], "summary": {"covered_lines": 0, "num_statements": 22, "percent_covered": 0.0, "percent_covered_display": "0", "missing_lines": 22, "excluded_lines": 3, "percent_statements_covered": 0.0, "percent_statements_covered_display": "0", "num_branches": 0, "num_partial_branches": 0, "covered_branches": 0, "missing_branches": 0, "percent_branches_covered": 100.0, "percent_branches_covered_display": "100"}, "missing_lines": [8, 10, 11, 13, 15, 16, 17, 20, 23, 24, 25, 26, 29, 39, 46, 56, 66, 70, 81, 87, 115, 119], "excluded_lines": [31, 37, 38], "start_line": 1, "executed_branches": [], "missing_branches": []}}}, "src/lhos/benchmarks/controlled/__init__.py": {"executed_lines": [3, 4, 6], "summary": {"covered_lines": 3, "num_statements": 3, "percent_covered": 100.0, "percent_covered_display": "100", "missing_lines": 0, "excluded_lines": 0, "percent_statements_covered": 100.0, "percent_statements_covered_display": "100", "num_branches": 0, "num_partial_branches": 0, "covered_branches": 0, "missing_branches": 0, "percent_branches_covered": 100.0, "percent_branches_covered_display": "100"}, "missing_lines": [], "excluded_lines": [], "executed_branches": [], "missing_branches": [], "functions": {"": {"executed_lines": [3, 4, 6], "summary": {"covered_lines": 3, "num_statements": 3, "percent_covered": 100.0, "percent_covered_display": "100", "missing_lines": 0, "excluded_lines": 0, "percent_statements_covered": 100.0, "percent_statements_covered_display": "100", "num_branches": 0, "num_partial_branches": 0, "covered_branches": 0, "missing_branches": 0, "percent_branches_covered": 100.0, "percent_branches_covered_display": "100"}, "missing_lines": [], "excluded_lines": [], "start_line": 1, "executed_branches": [], "missing_branches": []}}, "classes": {"": {"executed_lines": [3, 4, 6], "summary": {"covered_lines": 3, "num_statements": 3, "percent_covered": 100.0, "percent_covered_display": "100", "missing_lines": 0, "excluded_lines": 0, "percent_statements_covered": 100.0, "percent_statements_covered_display": "100", "num_branches": 0, "num_partial_branches": 0, "covered_branches": 0, "missing_branches": 0, "percent_branches_covered": 100.0, "percent_branches_covered_display": "100"}, "missing_lines": [], "excluded_lines": [], "start_line": 1, "executed_branches": [], "missing_branches": []}}}, "src/lhos/benchmarks/controlled/environment.py": {"executed_lines": [10, 12, 13, 16, 17, 18, 19, 21, 27, 28, 29, 30, 31, 32, 38, 39], "summary": {"covered_lines": 16, "num_statements": 16, "percent_covered": 100.0, "percent_covered_display": "100", "missing_lines": 0, "excluded_lines": 0, "percent_statements_covered": 100.0, "percent_statements_covered_display": "100", "num_branches": 4, "num_partial_branches": 0, "covered_branches": 4, "missing_branches": 0, "percent_branches_covered": 100.0, "percent_branches_covered_display": "100"}, "missing_lines": [], "excluded_lines": [], "executed_branches": [[29, 30], [29, 39], [30, 31], [30, 32]], "missing_branches": [], "functions": {"ScriptedEnvironment.__init__": {"executed_lines": [18, 19], "summary": {"covered_lines": 2, "num_statements": 2, "percent_covered": 100.0, "percent_covered_display": "100", "missing_lines": 0, "excluded_lines": 0, "percent_statements_covered": 100.0, "percent_statements_covered_display": "100", "num_branches": 0, "num_partial_branches": 0, "covered_branches": 0, "missing_branches": 0, "percent_branches_covered": 100.0, "percent_branches_covered_display": "100"}, "missing_lines": [], "excluded_lines": [], "start_line": 17, "executed_branches": [], "missing_branches": []}, "ScriptedEnvironment.resolve_waiting": {"executed_lines": [27, 28, 29, 30, 31, 32, 38, 39], "summary": {"covered_lines": 8, "num_statements": 8, "percent_covered": 100.0, "percent_covered_display": "100", "missing_lines": 0, "excluded_lines": 0, "percent_statements_covered": 100.0, "percent_statements_covered_display": "100", "num_branches": 4, "num_partial_branches": 0, "covered_branches": 4, "missing_branches": 0, "percent_branches_covered": 100.0, "percent_branches_covered_display": "100"}, "missing_lines": [], "excluded_lines": [], "start_line": 21, "executed_branches": [[29, 30], [29, 39], [30, 31], [30, 32]], "missing_branches": []}, "": {"executed_lines": [10, 12, 13, 16, 17, 21], "summary": {"covered_lines": 6, "num_statements": 6, "percent_covered": 100.0, "percent_covered_display": "100", "missing_lines": 0, "excluded_lines": 0, "percent_statements_covered": 100.0, "percent_statements_covered_display": "100", "num_branches": 0, "num_partial_branches": 0, "covered_branches": 0, "missing_branches": 0, "percent_branches_covered": 100.0, "percent_branches_covered_display": "100"}, "missing_lines": [], "excluded_lines": [], "start_line": 1, "executed_branches": [], "missing_branches": []}}, "classes": {"ScriptedEnvironment": {"executed_lines": [18, 19, 27, 28, 29, 30, 31, 32, 38, 39], "summary": {"covered_lines": 10, "num_statements": 10, "percent_covered": 100.0, "percent_covered_display": "100", "missing_lines": 0, "excluded_lines": 0, "percent_statements_covered": 100.0, "percent_statements_covered_display": "100", "num_branches": 4, "num_partial_branches": 0, "covered_branches": 4, "missing_branches": 0, "percent_branches_covered": 100.0, "percent_branches_covered_display": "100"}, "missing_lines": [], "excluded_lines": [], "start_line": 16, "executed_branches": [[29, 30], [29, 39], [30, 31], [30, 32]], "missing_branches": []}, "": {"executed_lines": [10, 12, 13, 16, 17, 21], "summary": {"covered_lines": 6, "num_statements": 6, "percent_covered": 100.0, "percent_covered_display": "100", "missing_lines": 0, "excluded_lines": 0, "percent_statements_covered": 100.0, "percent_statements_covered_display": "100", "num_branches": 0, "num_partial_branches": 0, "covered_branches": 0, "missing_branches": 0, "percent_branches_covered": 100.0, "percent_branches_covered_display": "100"}, "missing_lines": [], "excluded_lines": [], "start_line": 1, "executed_branches": [], "missing_branches": []}}}, "src/lhos/benchmarks/controlled/generator.py": {"executed_lines": [14, 16, 17, 19, 20, 25, 28, 45, 53, 69, 70, 74, 75, 76, 77, 78, 79, 95, 96, 108, 112, 115, 116, 117, 118, 119, 120, 121, 122, 123, 124, 125, 126, 127, 128, 129, 130, 131, 132, 133, 136, 137, 138, 141, 145, 147, 148, 149, 150, 151, 152, 153, 154, 155, 156, 157, 158, 159, 160, 161, 162, 163, 164, 165, 166, 167, 168, 169, 170, 171, 175, 176, 177, 178, 179, 180, 181, 182, 184, 199, 200, 201, 202, 205, 206, 207, 208, 209, 210, 211, 212, 213, 214, 215, 216, 217, 219, 220, 221, 222, 224, 227, 228, 230, 232, 233, 236, 237, 238, 239, 245, 246, 247, 248, 250, 251, 252, 253, 261, 262, 264, 265, 266, 275, 276, 292, 295, 298, 299, 301, 302, 303, 304, 313, 314, 320, 324, 335, 336, 342, 349, 350, 352, 353, 354, 355, 363, 365, 366, 367, 368, 375, 377, 378, 379, 380, 387, 389, 393, 394, 395, 396, 397, 398, 399, 400, 402, 403, 404, 405, 407, 408, 409, 410, 411, 413, 414, 415, 424, 426, 427, 428, 431, 433, 434, 437, 438, 439, 440, 443, 444, 445, 447, 448, 449, 451, 452, 462], "summary": {"covered_lines": 198, "num_statements": 201, "percent_covered": 97.0479704797048, "percent_covered_display": "97", "missing_lines": 3, "excluded_lines": 0, "percent_statements_covered": 98.50746268656717, "percent_statements_covered_display": "99", "num_branches": 70, "num_partial_branches": 5, "covered_branches": 65, "missing_branches": 5, "percent_branches_covered": 92.85714285714286, "percent_branches_covered_display": "93"}, "missing_lines": [113, 114, 146], "excluded_lines": [], "executed_branches": [[74, 75], [74, 76], [77, 78], [77, 79], [112, 115], [118, 119], [118, 122], [124, 125], [124, 132], [126, 124], [126, 127], [128, 126], [128, 129], [130, 126], [130, 131], [145, 147], [153, 154], [156, 157], [156, 164], [162, 156], [162, 163], [165, 153], [165, 166], [169, 170], [169, 171], [176, 177], [176, 178], [179, 180], [179, 181], [205, 206], [205, 209], [209, 210], [209, 214], [214, 215], [214, 219], [236, 237], [236, 250], [250, 251], [250, 264], [264, 265], [264, 301], [301, 302], [301, 352], [352, 353], [352, 365], [365, 366], [365, 377], [377, 378], [377, 389], [389, 393], [389, 402], [393, 394], [402, 403], [402, 407], [407, 408], [407, 413], [408, 409], [408, 411], [409, 408], [409, 410], [413, 414], [413, 433], [414, 415], [439, 440], [439, 445]], "missing_branches": [[112, 113], [145, 146], [153, 167], [393, 433], [414, 433]], "functions": {"_task_node": {"executed_lines": [69, 70, 74, 75, 76, 77, 78, 79], "summary": {"covered_lines": 8, "num_statements": 8, "percent_covered": 100.0, "percent_covered_display": "100", "missing_lines": 0, "excluded_lines": 0, "percent_statements_covered": 100.0, "percent_statements_covered_display": "100", "num_branches": 4, "num_partial_branches": 0, "covered_branches": 4, "missing_branches": 0, "percent_branches_covered": 100.0, "percent_branches_covered_display": "100"}, "missing_lines": [], "excluded_lines": [], "start_line": 53, "executed_branches": [[74, 75], [74, 76], [77, 78], [77, 79]], "missing_branches": []}, "_noop_node": {"executed_lines": [96], "summary": {"covered_lines": 1, "num_statements": 1, "percent_covered": 100.0, "percent_covered_display": "100", "missing_lines": 0, "excluded_lines": 0, "percent_statements_covered": 100.0, "percent_statements_covered_display": "100", "num_branches": 0, "num_partial_branches": 0, "covered_branches": 0, "missing_branches": 0, "percent_branches_covered": 100.0, "percent_branches_covered_display": "100"}, "missing_lines": [], "excluded_lines": [], "start_line": 95, "executed_branches": [], "missing_branches": []}, "_layered": {"executed_lines": [112, 115, 116, 117, 118, 119, 120, 121, 122, 123, 124, 125, 126, 127, 128, 129, 130, 131, 132, 133], "summary": {"covered_lines": 20, "num_statements": 22, "percent_covered": 91.17647058823529, "percent_covered_display": "91", "missing_lines": 2, "excluded_lines": 0, "percent_statements_covered": 90.9090909090909, "percent_statements_covered_display": "91", "num_branches": 12, "num_partial_branches": 1, "covered_branches": 11, "missing_branches": 1, "percent_branches_covered": 91.66666666666667, "percent_branches_covered_display": "92"}, "missing_lines": [113, 114], "excluded_lines": [], "start_line": 108, "executed_branches": [[112, 115], [118, 119], [118, 122], [124, 125], [124, 132], [126, 124], [126, 127], [128, 126], [128, 129], [130, 126], [130, 131]], "missing_branches": [[112, 113]]}, "_chain": {"executed_lines": [137, 138], "summary": {"covered_lines": 2, "num_statements": 2, "percent_covered": 100.0, "percent_covered_display": "100", "missing_lines": 0, "excluded_lines": 0, "percent_statements_covered": 100.0, "percent_statements_covered_display": "100", "num_branches": 0, "num_partial_branches": 0, "covered_branches": 0, "missing_branches": 0, "percent_branches_covered": 100.0, "percent_branches_covered_display": "100"}, "missing_lines": [], "excluded_lines": [], "start_line": 136, "executed_branches": [], "missing_branches": []}, "_branches": {"executed_lines": [145, 147, 148, 149, 150, 151, 152, 153, 154, 155, 156, 157, 158, 159, 160, 161, 162, 163, 164, 165, 166, 167, 168, 169, 170, 171], "summary": {"covered_lines": 26, "num_statements": 27, "percent_covered": 92.3076923076923, "percent_covered_display": "92", "missing_lines": 1, "excluded_lines": 0, "percent_statements_covered": 96.29629629629629, "percent_statements_covered_display": "96", "num_branches": 12, "num_partial_branches": 2, "covered_branches": 10, "missing_branches": 2, "percent_branches_covered": 83.33333333333333, "percent_branches_covered_display": "83"}, "missing_lines": [146], "excluded_lines": [], "start_line": 141, "executed_branches": [[145, 147], [153, 154], [156, 157], [156, 164], [162, 156], [162, 163], [165, 153], [165, 166], [169, 170], [169, 171]], "missing_branches": [[145, 146], [153, 167]]}, "generate": {"executed_lines": [176, 177, 178, 179, 180, 181, 182, 184, 199, 200, 201, 202, 205, 206, 207, 208, 209, 210, 211, 212, 213, 214, 215, 216, 217, 219, 220, 221, 222, 224, 227, 228, 230, 236, 237, 238, 239, 245, 246, 247, 248, 250, 251, 252, 253, 261, 262, 264, 265, 266, 275, 276, 292, 295, 298, 299, 301, 302, 303, 304, 313, 314, 320, 324, 335, 336, 342, 349, 350, 352, 353, 354, 355, 363, 365, 366, 367, 368, 375, 377, 378, 379, 380, 387, 389, 393, 394, 395, 396, 397, 398, 399, 400, 402, 403, 404, 405, 407, 408, 409, 410, 411, 413, 414, 415, 424, 426, 427, 428, 431, 433, 434, 437, 438, 439, 440, 443, 444, 445, 447, 448, 449, 451, 452, 462], "summary": {"covered_lines": 125, "num_statements": 125, "percent_covered": 98.80239520958084, "percent_covered_display": "99", "missing_lines": 0, "excluded_lines": 0, "percent_statements_covered": 100.0, "percent_statements_covered_display": "100", "num_branches": 42, "num_partial_branches": 2, "covered_branches": 40, "missing_branches": 2, "percent_branches_covered": 95.23809523809524, "percent_branches_covered_display": "95"}, "missing_lines": [], "excluded_lines": [], "start_line": 175, "executed_branches": [[176, 177], [176, 178], [179, 180], [179, 181], [205, 206], [205, 209], [209, 210], [209, 214], [214, 215], [214, 219], [236, 237], [236, 250], [250, 251], [250, 264], [264, 265], [264, 301], [301, 302], [301, 352], [352, 353], [352, 365], [365, 366], [365, 377], [377, 378], [377, 389], [389, 393], [389, 402], [393, 394], [402, 403], [402, 407], [407, 408], [407, 413], [408, 409], [408, 411], [409, 408], [409, 410], [413, 414], [413, 433], [414, 415], [439, 440], [439, 445]], "missing_branches": [[393, 433], [414, 433]]}, "generate.mid_task": {"executed_lines": [232, 233], "summary": {"covered_lines": 2, "num_statements": 2, "percent_covered": 100.0, "percent_covered_display": "100", "missing_lines": 0, "excluded_lines": 0, "percent_statements_covered": 100.0, "percent_statements_covered_display": "100", "num_branches": 0, "num_partial_branches": 0, "covered_branches": 0, "missing_branches": 0, "percent_branches_covered": 100.0, "percent_branches_covered_display": "100"}, "missing_lines": [], "excluded_lines": [], "start_line": 230, "executed_branches": [], "missing_branches": []}, "": {"executed_lines": [14, 16, 17, 19, 20, 25, 28, 45, 53, 95, 108, 136, 141, 175], "summary": {"covered_lines": 14, "num_statements": 14, "percent_covered": 100.0, "percent_covered_display": "100", "missing_lines": 0, "excluded_lines": 0, "percent_statements_covered": 100.0, "percent_statements_covered_display": "100", "num_branches": 0, "num_partial_branches": 0, "covered_branches": 0, "missing_branches": 0, "percent_branches_covered": 100.0, "percent_branches_covered_display": "100"}, "missing_lines": [], "excluded_lines": [], "start_line": 1, "executed_branches": [], "missing_branches": []}}, "classes": {"": {"executed_lines": [14, 16, 17, 19, 20, 25, 28, 45, 53, 69, 70, 74, 75, 76, 77, 78, 79, 95, 96, 108, 112, 115, 116, 117, 118, 119, 120, 121, 122, 123, 124, 125, 126, 127, 128, 129, 130, 131, 132, 133, 136, 137, 138, 141, 145, 147, 148, 149, 150, 151, 152, 153, 154, 155, 156, 157, 158, 159, 160, 161, 162, 163, 164, 165, 166, 167, 168, 169, 170, 171, 175, 176, 177, 178, 179, 180, 181, 182, 184, 199, 200, 201, 202, 205, 206, 207, 208, 209, 210, 211, 212, 213, 214, 215, 216, 217, 219, 220, 221, 222, 224, 227, 228, 230, 232, 233, 236, 237, 238, 239, 245, 246, 247, 248, 250, 251, 252, 253, 261, 262, 264, 265, 266, 275, 276, 292, 295, 298, 299, 301, 302, 303, 304, 313, 314, 320, 324, 335, 336, 342, 349, 350, 352, 353, 354, 355, 363, 365, 366, 367, 368, 375, 377, 378, 379, 380, 387, 389, 393, 394, 395, 396, 397, 398, 399, 400, 402, 403, 404, 405, 407, 408, 409, 410, 411, 413, 414, 415, 424, 426, 427, 428, 431, 433, 434, 437, 438, 439, 440, 443, 444, 445, 447, 448, 449, 451, 452, 462], "summary": {"covered_lines": 198, "num_statements": 201, "percent_covered": 97.0479704797048, "percent_covered_display": "97", "missing_lines": 3, "excluded_lines": 0, "percent_statements_covered": 98.50746268656717, "percent_statements_covered_display": "99", "num_branches": 70, "num_partial_branches": 5, "covered_branches": 65, "missing_branches": 5, "percent_branches_covered": 92.85714285714286, "percent_branches_covered_display": "93"}, "missing_lines": [113, 114, 146], "excluded_lines": [], "start_line": 1, "executed_branches": [[74, 75], [74, 76], [77, 78], [77, 79], [112, 115], [118, 119], [118, 122], [124, 125], [124, 132], [126, 124], [126, 127], [128, 126], [128, 129], [130, 126], [130, 131], [145, 147], [153, 154], [156, 157], [156, 164], [162, 156], [162, 163], [165, 153], [165, 166], [169, 170], [169, 171], [176, 177], [176, 178], [179, 180], [179, 181], [205, 206], [205, 209], [209, 210], [209, 214], [214, 215], [214, 219], [236, 237], [236, 250], [250, 251], [250, 264], [264, 265], [264, 301], [301, 302], [301, 352], [352, 353], [352, 365], [365, 366], [365, 377], [377, 378], [377, 389], [389, 393], [389, 402], [393, 394], [402, 403], [402, 407], [407, 408], [407, 413], [408, 409], [408, 411], [409, 408], [409, 410], [413, 414], [413, 433], [414, 415], [439, 440], [439, 445]], "missing_branches": [[112, 113], [145, 146], [153, 167], [393, 433], [414, 433]]}}}, "src/lhos/benchmarks/controlled/oracle.py": {"executed_lines": [10, 12, 14, 16, 18, 21, 22, 23, 24, 25, 26, 29, 30, 33, 34, 36, 39, 44, 45, 48, 49, 50, 51, 52, 53, 54, 55, 56, 57, 58, 59, 60, 61, 62, 63, 64, 65, 66, 71, 72, 74, 75, 76, 77, 78, 79, 80, 81, 83, 85, 86, 87, 88, 89, 90, 91, 92, 94, 113, 114, 115, 116, 117, 118, 119, 120, 121, 122, 123, 124, 125, 129, 131], "summary": {"covered_lines": 73, "num_statements": 74, "percent_covered": 96.22641509433963, "percent_covered_display": "96", "missing_lines": 1, "excluded_lines": 0, "percent_statements_covered": 98.64864864864865, "percent_statements_covered_display": "99", "num_branches": 32, "num_partial_branches": 3, "covered_branches": 29, "missing_branches": 3, "percent_branches_covered": 90.625, "percent_branches_covered_display": "91"}, "missing_lines": [35], "excluded_lines": [], "executed_branches": [[23, 24], [23, 25], [25, 26], [25, 30], [26, 25], [26, 29], [34, 36], [50, 51], [50, 59], [53, 54], [53, 57], [54, 53], [54, 55], [60, 61], [62, 63], [62, 65], [75, 76], [75, 77], [78, 79], [78, 80], [86, 87], [86, 88], [89, 90], [89, 91], [114, 115], [114, 131], [119, 120], [119, 122], [124, 125]], "missing_branches": [[34, 35], [60, 66], [124, 114]], "functions": {"_depends_on_dag": {"executed_lines": [22, 23, 24, 25, 26, 29, 30], "summary": {"covered_lines": 7, "num_statements": 7, "percent_covered": 100.0, "percent_covered_display": "100", "missing_lines": 0, "excluded_lines": 0, "percent_statements_covered": 100.0, "percent_statements_covered_display": "100", "num_branches": 6, "num_partial_branches": 0, "covered_branches": 6, "missing_branches": 0, "percent_branches_covered": 100.0, "percent_branches_covered_display": "100"}, "missing_lines": [], "excluded_lines": [], "start_line": 21, "executed_branches": [[23, 24], [23, 25], [25, 26], [25, 30], [26, 25], [26, 29]], "missing_branches": []}, "_transitive_dependents": {"executed_lines": [34, 36], "summary": {"covered_lines": 2, "num_statements": 3, "percent_covered": 60.0, "percent_covered_display": "60", "missing_lines": 1, "excluded_lines": 0, "percent_statements_covered": 66.66666666666667, "percent_statements_covered_display": "67", "num_branches": 2, "num_partial_branches": 1, "covered_branches": 1, "missing_branches": 1, "percent_branches_covered": 50.0, "percent_branches_covered_display": "50"}, "missing_lines": [35], "excluded_lines": [], "start_line": 33, "executed_branches": [[34, 36]], "missing_branches": [[34, 35]]}, "compute_oracle": {"executed_lines": [44, 45, 48, 49, 50, 51, 52, 53, 54, 55, 56, 57, 58, 59, 60, 61, 62, 63, 64, 65, 66, 71, 72, 74, 83, 85, 94, 113, 114, 115, 116, 117, 118, 119, 120, 121, 122, 123, 124, 125, 129, 131], "summary": {"covered_lines": 42, "num_statements": 42, "percent_covered": 96.55172413793103, "percent_covered_display": "97", "missing_lines": 0, "excluded_lines": 0, "percent_statements_covered": 100.0, "percent_statements_covered_display": "100", "num_branches": 16, "num_partial_branches": 2, "covered_branches": 14, "missing_branches": 2, "percent_branches_covered": 87.5, "percent_branches_covered_display": "88"}, "missing_lines": [], "excluded_lines": [], "start_line": 39, "executed_branches": [[50, 51], [50, 59], [53, 54], [53, 57], [54, 53], [54, 55], [60, 61], [62, 63], [62, 65], [114, 115], [114, 131], [119, 120], [119, 122], [124, 125]], "missing_branches": [[60, 66], [124, 114]]}, "compute_oracle._from": {"executed_lines": [75, 76, 77, 78, 79, 80, 81], "summary": {"covered_lines": 7, "num_statements": 7, "percent_covered": 100.0, "percent_covered_display": "100", "missing_lines": 0, "excluded_lines": 0, "percent_statements_covered": 100.0, "percent_statements_covered_display": "100", "num_branches": 4, "num_partial_branches": 0, "covered_branches": 4, "missing_branches": 0, "percent_branches_covered": 100.0, "percent_branches_covered_display": "100"}, "missing_lines": [], "excluded_lines": [], "start_line": 74, "executed_branches": [[75, 76], [75, 77], [78, 79], [78, 80]], "missing_branches": []}, "compute_oracle._to": {"executed_lines": [86, 87, 88, 89, 90, 91, 92], "summary": {"covered_lines": 7, "num_statements": 7, "percent_covered": 100.0, "percent_covered_display": "100", "missing_lines": 0, "excluded_lines": 0, "percent_statements_covered": 100.0, "percent_statements_covered_display": "100", "num_branches": 4, "num_partial_branches": 0, "covered_branches": 4, "missing_branches": 0, "percent_branches_covered": 100.0, "percent_branches_covered_display": "100"}, "missing_lines": [], "excluded_lines": [], "start_line": 85, "executed_branches": [[86, 87], [86, 88], [89, 90], [89, 91]], "missing_branches": []}, "": {"executed_lines": [10, 12, 14, 16, 18, 21, 33, 39], "summary": {"covered_lines": 8, "num_statements": 8, "percent_covered": 100.0, "percent_covered_display": "100", "missing_lines": 0, "excluded_lines": 0, "percent_statements_covered": 100.0, "percent_statements_covered_display": "100", "num_branches": 0, "num_partial_branches": 0, "covered_branches": 0, "missing_branches": 0, "percent_branches_covered": 100.0, "percent_branches_covered_display": "100"}, "missing_lines": [], "excluded_lines": [], "start_line": 1, "executed_branches": [], "missing_branches": []}}, "classes": {"": {"executed_lines": [10, 12, 14, 16, 18, 21, 22, 23, 24, 25, 26, 29, 30, 33, 34, 36, 39, 44, 45, 48, 49, 50, 51, 52, 53, 54, 55, 56, 57, 58, 59, 60, 61, 62, 63, 64, 65, 66, 71, 72, 74, 75, 76, 77, 78, 79, 80, 81, 83, 85, 86, 87, 88, 89, 90, 91, 92, 94, 113, 114, 115, 116, 117, 118, 119, 120, 121, 122, 123, 124, 125, 129, 131], "summary": {"covered_lines": 73, "num_statements": 74, "percent_covered": 96.22641509433963, "percent_covered_display": "96", "missing_lines": 1, "excluded_lines": 0, "percent_statements_covered": 98.64864864864865, "percent_statements_covered_display": "99", "num_branches": 32, "num_partial_branches": 3, "covered_branches": 29, "missing_branches": 3, "percent_branches_covered": 90.625, "percent_branches_covered_display": "91"}, "missing_lines": [35], "excluded_lines": [], "start_line": 1, "executed_branches": [[23, 24], [23, 25], [25, 26], [25, 30], [26, 25], [26, 29], [34, 36], [50, 51], [50, 59], [53, 54], [53, 57], [54, 53], [54, 55], [60, 61], [62, 63], [62, 65], [75, 76], [75, 77], [78, 79], [78, 80], [86, 87], [86, 88], [89, 90], [89, 91], [114, 115], [114, 131], [119, 120], [119, 122], [124, 125]], "missing_branches": [[34, 35], [60, 66], [124, 114]]}}}, "src/lhos/benchmarks/controlled/task_schema.py": {"executed_lines": [9, 11, 13, 16, 19, 20, 21, 22, 23, 24, 25, 26, 29, 41, 42, 43, 44, 47, 48, 49, 50, 51, 52, 53, 56, 57, 58, 60, 68, 70, 71, 72, 73, 76, 77], "summary": {"covered_lines": 35, "num_statements": 35, "percent_covered": 100.0, "percent_covered_display": "100", "missing_lines": 0, "excluded_lines": 0, "percent_statements_covered": 100.0, "percent_statements_covered_display": "100", "num_branches": 2, "num_partial_branches": 0, "covered_branches": 2, "missing_branches": 0, "percent_branches_covered": 100.0, "percent_branches_covered_display": "100"}, "missing_lines": [], "excluded_lines": [], "executed_branches": [[71, 72], [71, 77]], "missing_branches": [], "functions": {"ControlledTask.task_id": {"executed_lines": [58], "summary": {"covered_lines": 1, "num_statements": 1, "percent_covered": 100.0, "percent_covered_display": "100", "missing_lines": 0, "excluded_lines": 0, "percent_statements_covered": 100.0, "percent_statements_covered_display": "100", "num_branches": 0, "num_partial_branches": 0, "covered_branches": 0, "missing_branches": 0, "percent_branches_covered": 100.0, "percent_branches_covered_display": "100"}, "missing_lines": [], "excluded_lines": [], "start_line": 57, "executed_branches": [], "missing_branches": []}, "ControlledTask.graph_spec": {"executed_lines": [68, 70, 71, 72, 73, 76, 77], "summary": {"covered_lines": 7, "num_statements": 7, "percent_covered": 100.0, "percent_covered_display": "100", "missing_lines": 0, "excluded_lines": 0, "percent_statements_covered": 100.0, "percent_statements_covered_display": "100", "num_branches": 2, "num_partial_branches": 0, "covered_branches": 2, "missing_branches": 0, "percent_branches_covered": 100.0, "percent_branches_covered_display": "100"}, "missing_lines": [], "excluded_lines": [], "start_line": 60, "executed_branches": [[71, 72], [71, 77]], "missing_branches": []}, "": {"executed_lines": [9, 11, 13, 16, 19, 20, 21, 22, 23, 24, 25, 26, 29, 41, 42, 43, 44, 47, 48, 49, 50, 51, 52, 53, 56, 57, 60], "summary": {"covered_lines": 27, "num_statements": 27, "percent_covered": 100.0, "percent_covered_display": "100", "missing_lines": 0, "excluded_lines": 0, "percent_statements_covered": 100.0, "percent_statements_covered_display": "100", "num_branches": 0, "num_partial_branches": 0, "covered_branches": 0, "missing_branches": 0, "percent_branches_covered": 100.0, "percent_branches_covered_display": "100"}, "missing_lines": [], "excluded_lines": [], "start_line": 1, "executed_branches": [], "missing_branches": []}}, "classes": {"ControlledTaskSpec": {"executed_lines": [], "summary": {"covered_lines": 0, "num_statements": 0, "percent_covered": 100.0, "percent_covered_display": "100", "missing_lines": 0, "excluded_lines": 0, "percent_statements_covered": 100.0, "percent_statements_covered_display": "100", "num_branches": 0, "num_partial_branches": 0, "covered_branches": 0, "missing_branches": 0, "percent_branches_covered": 100.0, "percent_branches_covered_display": "100"}, "missing_lines": [], "excluded_lines": [], "start_line": 16, "executed_branches": [], "missing_branches": []}, "OracleInfo": {"executed_lines": [], "summary": {"covered_lines": 0, "num_statements": 0, "percent_covered": 100.0, "percent_covered_display": "100", "missing_lines": 0, "excluded_lines": 0, "percent_statements_covered": 100.0, "percent_statements_covered_display": "100", "num_branches": 0, "num_partial_branches": 0, "covered_branches": 0, "missing_branches": 0, "percent_branches_covered": 100.0, "percent_branches_covered_display": "100"}, "missing_lines": [], "excluded_lines": [], "start_line": 29, "executed_branches": [], "missing_branches": []}, "ControlledTask": {"executed_lines": [58, 68, 70, 71, 72, 73, 76, 77], "summary": {"covered_lines": 8, "num_statements": 8, "percent_covered": 100.0, "percent_covered_display": "100", "missing_lines": 0, "excluded_lines": 0, "percent_statements_covered": 100.0, "percent_statements_covered_display": "100", "num_branches": 2, "num_partial_branches": 0, "covered_branches": 2, "missing_branches": 0, "percent_branches_covered": 100.0, "percent_branches_covered_display": "100"}, "missing_lines": [], "excluded_lines": [], "start_line": 47, "executed_branches": [[71, 72], [71, 77]], "missing_branches": []}, "": {"executed_lines": [9, 11, 13, 16, 19, 20, 21, 22, 23, 24, 25, 26, 29, 41, 42, 43, 44, 47, 48, 49, 50, 51, 52, 53, 56, 57, 60], "summary": {"covered_lines": 27, "num_statements": 27, "percent_covered": 100.0, "percent_covered_display": "100", "missing_lines": 0, "excluded_lines": 0, "percent_statements_covered": 100.0, "percent_statements_covered_display": "100", "num_branches": 0, "num_partial_branches": 0, "covered_branches": 0, "missing_branches": 0, "percent_branches_covered": 100.0, "percent_branches_covered_display": "100"}, "missing_lines": [], "excluded_lines": [], "start_line": 1, "executed_branches": [], "missing_branches": []}}}, "src/lhos/benchmarks/metrics.py": {"executed_lines": [25, 27, 28, 32, 40, 41, 42, 43, 44, 45, 46, 47, 48, 49, 50, 51, 55, 57, 58, 59, 60, 61, 62, 63, 64, 65, 70, 73, 79, 80, 81, 82, 83, 84, 85, 90, 93, 100, 101, 102, 105, 110, 111, 112, 115, 120, 121, 122], "summary": {"covered_lines": 48, "num_statements": 48, "percent_covered": 98.57142857142857, "percent_covered_display": "99", "missing_lines": 0, "excluded_lines": 0, "percent_statements_covered": 100.0, "percent_statements_covered_display": "100", "num_branches": 22, "num_partial_branches": 1, "covered_branches": 21, "missing_branches": 1, "percent_branches_covered": 95.45454545454545, "percent_branches_covered_display": "95"}, "missing_lines": [], "excluded_lines": [], "executed_branches": [[40, 41], [40, 42], [45, 46], [45, 47], [49, 50], [49, 51], [58, 59], [58, 60], [61, 62], [61, 65], [63, 64], [80, 81], [80, 82], [83, 84], [83, 85], [100, 101], [100, 102], [110, 111], [110, 112], [120, 121], [120, 122]], "missing_branches": [[63, 61]], "functions": {"aupbc": {"executed_lines": [40, 41, 42, 43, 44, 45, 46, 47, 48, 49, 50, 51], "summary": {"covered_lines": 12, "num_statements": 12, "percent_covered": 100.0, "percent_covered_display": "100", "missing_lines": 0, "excluded_lines": 0, "percent_statements_covered": 100.0, "percent_statements_covered_display": "100", "num_branches": 6, "num_partial_branches": 0, "covered_branches": 6, "missing_branches": 0, "percent_branches_covered": 100.0, "percent_branches_covered_display": "100"}, "missing_lines": [], "excluded_lines": [], "start_line": 32, "executed_branches": [[40, 41], [40, 42], [45, 46], [45, 47], [49, 50], [49, 51]], "missing_branches": []}, "useful_work_ratio": {"executed_lines": [57, 58, 59, 60, 61, 62, 63, 64, 65, 70], "summary": {"covered_lines": 10, "num_statements": 10, "percent_covered": 93.75, "percent_covered_display": "94", "missing_lines": 0, "excluded_lines": 0, "percent_statements_covered": 100.0, "percent_statements_covered_display": "100", "num_branches": 6, "num_partial_branches": 1, "covered_branches": 5, "missing_branches": 1, "percent_branches_covered": 83.33333333333333, "percent_branches_covered_display": "83"}, "missing_lines": [], "excluded_lines": [], "start_line": 55, "executed_branches": [[58, 59], [58, 60], [61, 62], [61, 65], [63, 64]], "missing_branches": [[63, 61]]}, "invalidated_work_rate": {"executed_lines": [79, 80, 81, 82, 83, 84, 85, 90], "summary": {"covered_lines": 8, "num_statements": 8, "percent_covered": 100.0, "percent_covered_display": "100", "missing_lines": 0, "excluded_lines": 0, "percent_statements_covered": 100.0, "percent_statements_covered_display": "100", "num_branches": 4, "num_partial_branches": 0, "covered_branches": 4, "missing_branches": 0, "percent_branches_covered": 100.0, "percent_branches_covered_display": "100"}, "missing_lines": [], "excluded_lines": [], "start_line": 73, "executed_branches": [[80, 81], [80, 82], [83, 84], [83, 85]], "missing_branches": []}, "replanning_amplification": {"executed_lines": [100, 101, 102], "summary": {"covered_lines": 3, "num_statements": 3, "percent_covered": 100.0, "percent_covered_display": "100", "missing_lines": 0, "excluded_lines": 0, "percent_statements_covered": 100.0, "percent_statements_covered_display": "100", "num_branches": 2, "num_partial_branches": 0, "covered_branches": 2, "missing_branches": 0, "percent_branches_covered": 100.0, "percent_branches_covered_display": "100"}, "missing_lines": [], "excluded_lines": [], "start_line": 93, "executed_branches": [[100, 101], [100, 102]], "missing_branches": []}, "recovery_overhead": {"executed_lines": [110, 111, 112], "summary": {"covered_lines": 3, "num_statements": 3, "percent_covered": 100.0, "percent_covered_display": "100", "missing_lines": 0, "excluded_lines": 0, "percent_statements_covered": 100.0, "percent_statements_covered_display": "100", "num_branches": 2, "num_partial_branches": 0, "covered_branches": 2, "missing_branches": 0, "percent_branches_covered": 100.0, "percent_branches_covered_display": "100"}, "missing_lines": [], "excluded_lines": [], "start_line": 105, "executed_branches": [[110, 111], [110, 112]], "missing_branches": []}, "critical_path_stretch": {"executed_lines": [120, 121, 122], "summary": {"covered_lines": 3, "num_statements": 3, "percent_covered": 100.0, "percent_covered_display": "100", "missing_lines": 0, "excluded_lines": 0, "percent_statements_covered": 100.0, "percent_statements_covered_display": "100", "num_branches": 2, "num_partial_branches": 0, "covered_branches": 2, "missing_branches": 0, "percent_branches_covered": 100.0, "percent_branches_covered_display": "100"}, "missing_lines": [], "excluded_lines": [], "start_line": 115, "executed_branches": [[120, 121], [120, 122]], "missing_branches": []}, "": {"executed_lines": [25, 27, 28, 32, 55, 73, 93, 105, 115], "summary": {"covered_lines": 9, "num_statements": 9, "percent_covered": 100.0, "percent_covered_display": "100", "missing_lines": 0, "excluded_lines": 0, "percent_statements_covered": 100.0, "percent_statements_covered_display": "100", "num_branches": 0, "num_partial_branches": 0, "covered_branches": 0, "missing_branches": 0, "percent_branches_covered": 100.0, "percent_branches_covered_display": "100"}, "missing_lines": [], "excluded_lines": [], "start_line": 1, "executed_branches": [], "missing_branches": []}}, "classes": {"": {"executed_lines": [25, 27, 28, 32, 40, 41, 42, 43, 44, 45, 46, 47, 48, 49, 50, 51, 55, 57, 58, 59, 60, 61, 62, 63, 64, 65, 70, 73, 79, 80, 81, 82, 83, 84, 85, 90, 93, 100, 101, 102, 105, 110, 111, 112, 115, 120, 121, 122], "summary": {"covered_lines": 48, "num_statements": 48, "percent_covered": 98.57142857142857, "percent_covered_display": "99", "missing_lines": 0, "excluded_lines": 0, "percent_statements_covered": 100.0, "percent_statements_covered_display": "100", "num_branches": 22, "num_partial_branches": 1, "covered_branches": 21, "missing_branches": 1, "percent_branches_covered": 95.45454545454545, "percent_branches_covered_display": "95"}, "missing_lines": [], "excluded_lines": [], "start_line": 1, "executed_branches": [[40, 41], [40, 42], [45, 46], [45, 47], [49, 50], [49, 51], [58, 59], [58, 60], [61, 62], [61, 65], [63, 64], [80, 81], [80, 82], [83, 84], [83, 85], [100, 101], [100, 102], [110, 111], [110, 112], [120, 121], [120, 122]], "missing_branches": [[63, 61]]}}}, "src/lhos/benchmarks/modes.py": {"executed_lines": [28, 30, 31, 33, 35, 47, 50, 63, 66, 68, 74, 75, 76, 77, 78, 79, 80, 82, 83, 88, 89, 91, 92, 96, 97, 159, 162, 165, 167, 169], "summary": {"covered_lines": 30, "num_statements": 38, "percent_covered": 72.91666666666667, "percent_covered_display": "73", "missing_lines": 8, "excluded_lines": 0, "percent_statements_covered": 78.94736842105263, "percent_statements_covered_display": "79", "num_branches": 10, "num_partial_branches": 3, "covered_branches": 5, "missing_branches": 5, "percent_branches_covered": 50.0, "percent_branches_covered_display": "50"}, "missing_lines": [51, 52, 53, 69, 85, 90, 166, 168], "excluded_lines": [], "executed_branches": [[89, 91], [91, 92], [91, 96], [165, 167], [167, 169]], "missing_branches": [[51, 52], [51, 53], [89, 90], [165, 166], [167, 168]], "functions": {"OracleFifoScheduler.select": {"executed_lines": [], "summary": {"covered_lines": 0, "num_statements": 3, "percent_covered": 0.0, "percent_covered_display": "0", "missing_lines": 3, "excluded_lines": 0, "percent_statements_covered": 0.0, "percent_statements_covered_display": "0", "num_branches": 2, "num_partial_branches": 0, "covered_branches": 0, "missing_branches": 2, "percent_branches_covered": 0.0, "percent_branches_covered_display": "0"}, "missing_lines": [51, 52, 53], "excluded_lines": [], "start_line": 50, "executed_branches": [], "missing_branches": [[51, 52], [51, 53]]}, "OracleCostAwareScheduler.score": {"executed_lines": [], "summary": {"covered_lines": 0, "num_statements": 1, "percent_covered": 0.0, "percent_covered_display": "0", "missing_lines": 1, "excluded_lines": 0, "percent_statements_covered": 0.0, "percent_statements_covered_display": "0", "num_branches": 0, "num_partial_branches": 0, "covered_branches": 0, "missing_branches": 0, "percent_branches_covered": 100.0, "percent_branches_covered_display": "100"}, "missing_lines": [69], "excluded_lines": [], "start_line": 68, "executed_branches": [], "missing_branches": []}, "ModeConfig.scheduler_family": {"executed_lines": [], "summary": {"covered_lines": 0, "num_statements": 1, "percent_covered": 0.0, "percent_covered_display": "0", "missing_lines": 1, "excluded_lines": 0, "percent_statements_covered": 0.0, "percent_statements_covered_display": "0", "num_branches": 0, "num_partial_branches": 0, "covered_branches": 0, "missing_branches": 0, "percent_branches_covered": 100.0, "percent_branches_covered_display": "100"}, "missing_lines": [85], "excluded_lines": [], "start_line": 83, "executed_branches": [], "missing_branches": []}, "mode_config": {"executed_lines": [89, 91, 92, 96, 97, 159], "summary": {"covered_lines": 6, "num_statements": 7, "percent_covered": 81.81818181818181, "percent_covered_display": "82", "missing_lines": 1, "excluded_lines": 0, "percent_statements_covered": 85.71428571428571, "percent_statements_covered_display": "86", "num_branches": 4, "num_partial_branches": 1, "covered_branches": 3, "missing_branches": 1, "percent_branches_covered": 75.0, "percent_branches_covered_display": "75"}, "missing_lines": [90], "excluded_lines": [], "start_line": 88, "executed_branches": [[89, 91], [91, 92], [91, 96]], "missing_branches": [[89, 90]]}, "make_scheduler": {"executed_lines": [165, 167, 169], "summary": {"covered_lines": 3, "num_statements": 5, "percent_covered": 55.55555555555556, "percent_covered_display": "56", "missing_lines": 2, "excluded_lines": 0, "percent_statements_covered": 60.0, "percent_statements_covered_display": "60", "num_branches": 4, "num_partial_branches": 2, "covered_branches": 2, "missing_branches": 2, "percent_branches_covered": 50.0, "percent_branches_covered_display": "50"}, "missing_lines": [166, 168], "excluded_lines": [], "start_line": 162, "executed_branches": [[165, 167], [167, 169]], "missing_branches": [[165, 166], [167, 168]]}, "": {"executed_lines": [28, 30, 31, 33, 35, 47, 50, 63, 66, 68, 74, 75, 76, 77, 78, 79, 80, 82, 83, 88, 162], "summary": {"covered_lines": 21, "num_statements": 21, "percent_covered": 100.0, "percent_covered_display": "100", "missing_lines": 0, "excluded_lines": 0, "percent_statements_covered": 100.0, "percent_statements_covered_display": "100", "num_branches": 0, "num_partial_branches": 0, "covered_branches": 0, "missing_branches": 0, "percent_branches_covered": 100.0, "percent_branches_covered_display": "100"}, "missing_lines": [], "excluded_lines": [], "start_line": 1, "executed_branches": [], "missing_branches": []}}, "classes": {"OracleFifoScheduler": {"executed_lines": [], "summary": {"covered_lines": 0, "num_statements": 3, "percent_covered": 0.0, "percent_covered_display": "0", "missing_lines": 3, "excluded_lines": 0, "percent_statements_covered": 0.0, "percent_statements_covered_display": "0", "num_branches": 2, "num_partial_branches": 0, "covered_branches": 0, "missing_branches": 2, "percent_branches_covered": 0.0, "percent_branches_covered_display": "0"}, "missing_lines": [51, 52, 53], "excluded_lines": [], "start_line": 47, "executed_branches": [], "missing_branches": [[51, 52], [51, 53]]}, "OracleCostAwareScheduler": {"executed_lines": [], "summary": {"covered_lines": 0, "num_statements": 1, "percent_covered": 0.0, "percent_covered_display": "0", "missing_lines": 1, "excluded_lines": 0, "percent_statements_covered": 0.0, "percent_statements_covered_display": "0", "num_branches": 0, "num_partial_branches": 0, "covered_branches": 0, "missing_branches": 0, "percent_branches_covered": 100.0, "percent_branches_covered_display": "100"}, "missing_lines": [69], "excluded_lines": [], "start_line": 63, "executed_branches": [], "missing_branches": []}, "ModeConfig": {"executed_lines": [], "summary": {"covered_lines": 0, "num_statements": 1, "percent_covered": 0.0, "percent_covered_display": "0", "missing_lines": 1, "excluded_lines": 0, "percent_statements_covered": 0.0, "percent_statements_covered_display": "0", "num_branches": 0, "num_partial_branches": 0, "covered_branches": 0, "missing_branches": 0, "percent_branches_covered": 100.0, "percent_branches_covered_display": "100"}, "missing_lines": [85], "excluded_lines": [], "start_line": 75, "executed_branches": [], "missing_branches": []}, "": {"executed_lines": [28, 30, 31, 33, 35, 47, 50, 63, 66, 68, 74, 75, 76, 77, 78, 79, 80, 82, 83, 88, 89, 91, 92, 96, 97, 159, 162, 165, 167, 169], "summary": {"covered_lines": 30, "num_statements": 33, "percent_covered": 85.36585365853658, "percent_covered_display": "85", "missing_lines": 3, "excluded_lines": 0, "percent_statements_covered": 90.9090909090909, "percent_statements_covered_display": "91", "num_branches": 8, "num_partial_branches": 3, "covered_branches": 5, "missing_branches": 3, "percent_branches_covered": 62.5, "percent_branches_covered_display": "62"}, "missing_lines": [90, 166, 168], "excluded_lines": [], "start_line": 1, "executed_branches": [[89, 91], [91, 92], [91, 96], [165, 167], [167, 169]], "missing_branches": [[89, 90], [165, 166], [167, 168]]}}}, "src/lhos/benchmarks/runner.py": {"executed_lines": [9, 11, 12, 13, 15, 16, 17, 18, 19, 20, 21, 22, 24, 26, 27, 30, 32, 33, 34, 35, 36, 37, 38, 39, 40, 43, 45, 46, 47, 48, 49, 50, 53, 54, 55, 57, 58, 59, 60, 61, 62, 63, 66, 72, 73, 74, 75, 76, 78, 79, 80, 81, 82, 84, 89, 90, 91, 97, 98, 99, 111, 112, 113, 114, 115, 116, 117, 118, 120, 123, 133, 134, 135, 136, 137, 138, 140, 141], "summary": {"covered_lines": 78, "num_statements": 82, "percent_covered": 92.72727272727273, "percent_covered_display": "93", "missing_lines": 4, "excluded_lines": 0, "percent_statements_covered": 95.1219512195122, "percent_statements_covered_display": "95", "num_branches": 28, "num_partial_branches": 4, "covered_branches": 24, "missing_branches": 4, "percent_branches_covered": 85.71428571428571, "percent_branches_covered_display": "86"}, "missing_lines": [56, 94, 95, 139], "excluded_lines": [], "executed_branches": [[32, -30], [32, 33], [34, 32], [34, 35], [35, 36], [35, 38], [36, 37], [38, 34], [38, 39], [39, 38], [39, 40], [55, 57], [59, 60], [59, 63], [78, 79], [78, 84], [91, 97], [134, 135], [134, 141], [135, 134], [135, 136], [137, 135], [137, 138], [138, 140]], "missing_branches": [[36, 35], [55, 56], [91, 94], [138, 139]], "functions": {"_rewrite_environment_event_ids": {"executed_lines": [32, 33, 34, 35, 36, 37, 38, 39, 40], "summary": {"covered_lines": 9, "num_statements": 9, "percent_covered": 95.23809523809524, "percent_covered_display": "95", "missing_lines": 0, "excluded_lines": 0, "percent_statements_covered": 100.0, "percent_statements_covered_display": "100", "num_branches": 12, "num_partial_branches": 1, "covered_branches": 11, "missing_branches": 1, "percent_branches_covered": 91.66666666666667, "percent_branches_covered_display": "92"}, "missing_lines": [], "excluded_lines": [], "start_line": 30, "executed_branches": [[32, -30], [32, 33], [34, 32], [34, 35], [35, 36], [35, 38], [36, 37], [38, 34], [38, 39], [39, 38], [39, 40]], "missing_branches": [[36, 35]]}, "_drive": {"executed_lines": [45, 46, 47, 48, 49, 50, 53, 54, 55, 57, 58, 59, 60, 61, 62, 63], "summary": {"covered_lines": 16, "num_statements": 17, "percent_covered": 90.47619047619048, "percent_covered_display": "90", "missing_lines": 1, "excluded_lines": 0, "percent_statements_covered": 94.11764705882354, "percent_statements_covered_display": "94", "num_branches": 4, "num_partial_branches": 1, "covered_branches": 3, "missing_branches": 1, "percent_branches_covered": 75.0, "percent_branches_covered_display": "75"}, "missing_lines": [56], "excluded_lines": [], "start_line": 43, "executed_branches": [[55, 57], [59, 60], [59, 63]], "missing_branches": [[55, 56]]}, "run_cell": {"executed_lines": [72, 73, 74, 75, 76, 78, 79, 80, 81, 82, 84, 89, 90, 91, 97, 98, 99, 111, 112, 113, 114, 115, 116, 117, 118, 120], "summary": {"covered_lines": 26, "num_statements": 28, "percent_covered": 90.625, "percent_covered_display": "91", "missing_lines": 2, "excluded_lines": 0, "percent_statements_covered": 92.85714285714286, "percent_statements_covered_display": "93", "num_branches": 4, "num_partial_branches": 1, "covered_branches": 3, "missing_branches": 1, "percent_branches_covered": 75.0, "percent_branches_covered_display": "75"}, "missing_lines": [94, 95], "excluded_lines": [], "start_line": 66, "executed_branches": [[78, 79], [78, 84], [91, 97]], "missing_branches": [[91, 94]]}, "run_suite": {"executed_lines": [133, 134, 135, 136, 137, 138, 140, 141], "summary": {"covered_lines": 8, "num_statements": 9, "percent_covered": 88.23529411764706, "percent_covered_display": "88", "missing_lines": 1, "excluded_lines": 0, "percent_statements_covered": 88.88888888888889, "percent_statements_covered_display": "89", "num_branches": 8, "num_partial_branches": 1, "covered_branches": 7, "missing_branches": 1, "percent_branches_covered": 87.5, "percent_branches_covered_display": "88"}, "missing_lines": [139], "excluded_lines": [], "start_line": 123, "executed_branches": [[134, 135], [134, 141], [135, 134], [135, 136], [137, 135], [137, 138], [138, 140]], "missing_branches": [[138, 139]]}, "": {"executed_lines": [9, 11, 12, 13, 15, 16, 17, 18, 19, 20, 21, 22, 24, 26, 27, 30, 43, 66, 123], "summary": {"covered_lines": 19, "num_statements": 19, "percent_covered": 100.0, "percent_covered_display": "100", "missing_lines": 0, "excluded_lines": 0, "percent_statements_covered": 100.0, "percent_statements_covered_display": "100", "num_branches": 0, "num_partial_branches": 0, "covered_branches": 0, "missing_branches": 0, "percent_branches_covered": 100.0, "percent_branches_covered_display": "100"}, "missing_lines": [], "excluded_lines": [], "start_line": 1, "executed_branches": [], "missing_branches": []}}, "classes": {"": {"executed_lines": [9, 11, 12, 13, 15, 16, 17, 18, 19, 20, 21, 22, 24, 26, 27, 30, 32, 33, 34, 35, 36, 37, 38, 39, 40, 43, 45, 46, 47, 48, 49, 50, 53, 54, 55, 57, 58, 59, 60, 61, 62, 63, 66, 72, 73, 74, 75, 76, 78, 79, 80, 81, 82, 84, 89, 90, 91, 97, 98, 99, 111, 112, 113, 114, 115, 116, 117, 118, 120, 123, 133, 134, 135, 136, 137, 138, 140, 141], "summary": {"covered_lines": 78, "num_statements": 82, "percent_covered": 92.72727272727273, "percent_covered_display": "93", "missing_lines": 4, "excluded_lines": 0, "percent_statements_covered": 95.1219512195122, "percent_statements_covered_display": "95", "num_branches": 28, "num_partial_branches": 4, "covered_branches": 24, "missing_branches": 4, "percent_branches_covered": 85.71428571428571, "percent_branches_covered_display": "86"}, "missing_lines": [56, 94, 95, 139], "excluded_lines": [], "start_line": 1, "executed_branches": [[32, -30], [32, 33], [34, 32], [34, 35], [35, 36], [35, 38], [36, 37], [38, 34], [38, 39], [39, 38], [39, 40], [55, 57], [59, 60], [59, 63], [78, 79], [78, 84], [91, 97], [134, 135], [134, 141], [135, 134], [135, 136], [137, 135], [137, 138], [138, 140]], "missing_branches": [[36, 35], [55, 56], [91, 94], [138, 139]]}}}, "src/lhos/benchmarks/scoring.py": {"executed_lines": [12, 14, 16, 17, 18, 19, 20, 22, 25, 27, 30, 31, 35, 40, 41, 42, 43, 44, 45, 46, 47, 48, 49, 50, 51, 52, 53, 54, 55, 56, 57, 58, 59, 61, 62, 63, 64, 65, 74, 77, 85, 86, 87, 88, 90, 91, 92, 94, 105, 106, 107, 111, 112, 114, 115, 116, 117, 119, 122, 123, 124, 125, 126, 127, 132, 134, 135, 136, 137, 138, 139, 140, 141, 146, 147, 148, 149, 150, 151, 153, 154, 156, 163, 164, 165, 166, 167, 168, 169, 170, 171, 172, 173, 178, 179, 180, 181, 182, 183, 184, 188, 189, 197, 239, 243, 244, 245, 246, 247, 248, 249, 250, 252, 253, 254, 255, 256, 260, 261, 262, 264], "summary": {"covered_lines": 121, "num_statements": 124, "percent_covered": 94.25287356321839, "percent_covered_display": "94", "missing_lines": 3, "excluded_lines": 0, "percent_statements_covered": 97.58064516129032, "percent_statements_covered_display": "98", "num_branches": 50, "num_partial_branches": 7, "covered_branches": 43, "missing_branches": 7, "percent_branches_covered": 86.0, "percent_branches_covered_display": "86"}, "missing_lines": [60, 152, 155], "excluded_lines": [], "executed_branches": [[45, 46], [45, 74], [46, 47], [46, 52], [52, 53], [52, 54], [57, 58], [57, 59], [59, 61], [61, 62], [61, 63], [123, 124], [124, 125], [137, 138], [137, 140], [140, 141], [140, 147], [141, 140], [141, 146], [148, 149], [148, 163], [149, 150], [149, 151], [151, 153], [154, 156], [166, 167], [166, 197], [169, 170], [169, 172], [170, 169], [170, 171], [172, 173], [172, 179], [173, 172], [173, 178], [181, 182], [182, 183], [182, 184], [184, 181], [184, 188], [253, 254], [253, 260], [255, 256]], "missing_branches": [[59, 60], [123, 132], [124, 123], [151, 152], [154, 155], [181, 189], [255, 253]], "functions": {"_temp_id": {"executed_lines": [27], "summary": {"covered_lines": 1, "num_statements": 1, "percent_covered": 100.0, "percent_covered_display": "100", "missing_lines": 0, "excluded_lines": 0, "percent_statements_covered": 100.0, "percent_statements_covered_display": "100", "num_branches": 0, "num_partial_branches": 0, "covered_branches": 0, "missing_branches": 0, "percent_branches_covered": 100.0, "percent_branches_covered_display": "100"}, "missing_lines": [], "excluded_lines": [], "start_line": 25, "executed_branches": [], "missing_branches": []}, "_state_name": {"executed_lines": [31], "summary": {"covered_lines": 1, "num_statements": 1, "percent_covered": 100.0, "percent_covered_display": "100", "missing_lines": 0, "excluded_lines": 0, "percent_statements_covered": 100.0, "percent_statements_covered_display": "100", "num_branches": 0, "num_partial_branches": 0, "covered_branches": 0, "missing_branches": 0, "percent_branches_covered": 100.0, "percent_branches_covered_display": "100"}, "missing_lines": [], "excluded_lines": [], "start_line": 30, "executed_branches": [], "missing_branches": []}, "progress_budget_curve": {"executed_lines": [40, 41, 42, 43, 44, 45, 46, 47, 48, 49, 50, 51, 52, 53, 54, 55, 56, 57, 58, 59, 61, 62, 63, 64, 65, 74], "summary": {"covered_lines": 26, "num_statements": 27, "percent_covered": 94.87179487179488, "percent_covered_display": "95", "missing_lines": 1, "excluded_lines": 0, "percent_statements_covered": 96.29629629629629, "percent_statements_covered_display": "96", "num_branches": 12, "num_partial_branches": 1, "covered_branches": 11, "missing_branches": 1, "percent_branches_covered": 91.66666666666667, "percent_branches_covered_display": "92"}, "missing_lines": [60], "excluded_lines": [], "start_line": 35, "executed_branches": [[45, 46], [45, 74], [46, 47], [46, 52], [52, 53], [52, 54], [57, 58], [57, 59], [59, 61], [61, 62], [61, 63]], "missing_branches": [[59, 60]]}, "score_graph_run": {"executed_lines": [85, 86, 87, 88, 90, 91, 92, 94, 105, 106, 107, 111, 112, 114, 115, 116, 117, 119, 122, 123, 124, 125, 126, 127, 132, 134, 135, 136, 137, 138, 139, 140, 141, 146, 147, 148, 149, 150, 151, 153, 154, 156, 163, 164, 165, 166, 167, 168, 169, 170, 171, 172, 173, 178, 179, 180, 181, 182, 183, 184, 188, 189, 197, 239], "summary": {"covered_lines": 64, "num_statements": 66, "percent_covered": 93.0, "percent_covered_display": "93", "missing_lines": 2, "excluded_lines": 0, "percent_statements_covered": 96.9696969
[...]
 66, 67, 68, 69, 70, 79], "excluded_lines": [], "start_line": 58, "executed_branches": [], "missing_branches": [[62, 63], [62, 64], [69, 70], [69, 79]]}, "FileContainsVerifier.verify": {"executed_lines": [92, 93, 95, 96, 98, 99, 100, 101, 102, 103, 111, 112, 113, 122], "summary": {"covered_lines": 14, "num_statements": 20, "percent_covered": 63.333333333333336, "percent_covered_display": "63", "missing_lines": 6, "excluded_lines": 0, "percent_statements_covered": 70.0, "percent_statements_covered_display": "70", "num_branches": 10, "num_partial_branches": 3, "covered_branches": 5, "missing_branches": 5, "percent_branches_covered": 50.0, "percent_branches_covered_display": "50"}, "missing_lines": [94, 97, 104, 105, 106, 108], "excluded_lines": [], "start_line": 89, "executed_branches": [[93, 95], [96, 98], [101, 102], [112, 113], [112, 122]], "missing_branches": [[93, 94], [96, 97], [101, 104], [104, 105], [104, 108]]}, "ArtifactExistsVerifier.verify": {"executed_lines": [], "summary": {"covered_lines": 0, "num_statements": 10, "percent_covered": 0.0, "percent_covered_display": "0", "missing_lines": 10, "excluded_lines": 0, "percent_statements_covered": 0.0, "percent_statements_covered_display": "0", "num_branches": 8, "num_partial_branches": 0, "covered_branches": 0, "missing_branches": 8, "percent_branches_covered": 0.0, "percent_branches_covered_display": "0"}, "missing_lines": [138, 139, 140, 141, 142, 143, 156, 157, 158, 169], "excluded_lines": [], "start_line": 135, "executed_branches": [], "missing_branches": [[139, 140], [139, 141], [142, 143], [142, 156], [156, 157], [156, 169], [157, 156], [157, 158]]}, "": {"executed_lines": [4, 6, 7, 8, 10, 11, 12, 15, 19, 23, 24, 26, 52, 56, 58, 86, 87, 89, 129, 133, 135], "summary": {"covered_lines": 21, "num_statements": 21, "percent_covered": 100.0, "percent_covered_display": "100", "missing_lines": 0, "excluded_lines": 0, "percent_statements_covered": 100.0, "percent_statements_covered_display": "100", "num_branches": 0, "num_partial_branches": 0, "covered_branches": 0, "missing_branches": 0, "percent_branches_covered": 100.0, "percent_branches_covered_display": "100"}, "missing_lines": [], "excluded_lines": [], "start_line": 1, "executed_branches": [], "missing_branches": []}}, "classes": {"FileExistsVerifier": {"executed_lines": [29, 30, 32, 33, 34, 35, 36, 45], "summary": {"covered_lines": 8, "num_statements": 9, "percent_covered": 84.61538461538461, "percent_covered_display": "85", "missing_lines": 1, "excluded_lines": 0, "percent_statements_covered": 88.88888888888889, "percent_statements_covered_display": "89", "num_branches": 4, "num_partial_branches": 1, "covered_branches": 3, "missing_branches": 1, "percent_branches_covered": 75.0, "percent_branches_covered_display": "75"}, "missing_lines": [31], "excluded_lines": [], "start_line": 23, "executed_branches": [[30, 32], [35, 36], [35, 45]], "missing_branches": [[30, 31]]}, "FileChangedVerifier": {"executed_lines": [], "summary": {"covered_lines": 0, "num_statements": 11, "percent_covered": 0.0, "percent_covered_display": "0", "missing_lines": 11, "excluded_lines": 0, "percent_statements_covered": 0.0, "percent_statements_covered_display": "0", "num_branches": 4, "num_partial_branches": 0, "covered_branches": 0, "missing_branches": 4, "percent_branches_covered": 0.0, "percent_branches_covered_display": "0"}, "missing_lines": [61, 62, 63, 64, 65, 66, 67, 68, 69, 70, 79], "excluded_lines": [], "start_line": 52, "executed_branches": [], "missing_branches": [[62, 63], [62, 64], [69, 70], [69, 79]]}, "FileContainsVerifier": {"executed_lines": [92, 93, 95, 96, 98, 99, 100, 101, 102, 103, 111, 112, 113, 122], "summary": {"covered_lines": 14, "num_statements": 20, "percent_covered": 63.333333333333336, "percent_covered_display": "63", "missing_lines": 6, "excluded_lines": 0, "percent_statements_covered": 70.0, "percent_statements_covered_display": "70", "num_branches": 10, "num_partial_branches": 3, "covered_branches": 5, "missing_branches": 5, "percent_branches_covered": 50.0, "percent_branches_covered_display": "50"}, "missing_lines": [94, 97, 104, 105, 106, 108], "excluded_lines": [], "start_line": 86, "executed_branches": [[93, 95], [96, 98], [101, 102], [112, 113], [112, 122]], "missing_branches": [[93, 94], [96, 97], [101, 104], [104, 105], [104, 108]]}, "ArtifactExistsVerifier": {"executed_lines": [], "summary": {"covered_lines": 0, "num_statements": 10, "percent_covered": 0.0, "percent_covered_display": "0", "missing_lines": 10, "excluded_lines": 0, "percent_statements_covered": 0.0, "percent_statements_covered_display": "0", "num_branches": 8, "num_partial_branches": 0, "covered_branches": 0, "missing_branches": 8, "percent_branches_covered": 0.0, "percent_branches_covered_display": "0"}, "missing_lines": [138, 139, 140, 141, 142, 143, 156, 157, 158, 169], "excluded_lines": [], "start_line": 129, "executed_branches": [], "missing_branches": [[139, 140], [139, 141], [142, 143], [142, 156], [156, 157], [156, 169], [157, 156], [157, 158]]}, "": {"executed_lines": [4, 6, 7, 8, 10, 11, 12, 15, 16, 19, 20, 23, 24, 26, 52, 56, 58, 86, 87, 89, 129, 133, 135], "summary": {"covered_lines": 23, "num_statements": 23, "percent_covered": 100.0, "percent_covered_display": "100", "missing_lines": 0, "excluded_lines": 0, "percent_statements_covered": 100.0, "percent_statements_covered_display": "100", "num_branches": 0, "num_partial_branches": 0, "covered_branches": 0, "missing_branches": 0, "percent_branches_covered": 100.0, "percent_branches_covered_display": "100"}, "missing_lines": [], "excluded_lines": [], "start_line": 1, "executed_branches": [], "missing_branches": []}}}, "src/lhos/verification/json_verifier.py": {"executed_lines": [8, 10, 11, 12, 14, 15, 16, 18, 29, 30, 31, 34, 35, 36, 38, 39, 40, 41, 46, 47, 49, 52, 53, 54, 56, 57, 59, 60, 63, 64, 65, 66, 67, 68, 76], "summary": {"covered_lines": 35, "num_statements": 44, "percent_covered": 72.72727272727273, "percent_covered_display": "73", "missing_lines": 9, "excluded_lines": 0, "percent_statements_covered": 79.54545454545455, "percent_statements_covered_display": "80", "num_branches": 22, "num_partial_branches": 7, "covered_branches": 13, "missing_branches": 9, "percent_branches_covered": 59.09090909090909, "percent_branches_covered_display": "59"}, "missing_lines": [32, 33, 37, 42, 43, 55, 58, 61, 62], "excluded_lines": [], "executed_branches": [[31, 34], [34, 35], [34, 41], [35, 36], [35, 38], [36, 35], [38, -29], [38, 39], [39, 40], [41, -29], [54, 56], [57, 59], [67, 68]], "missing_branches": [[31, 32], [36, 37], [39, 38], [41, 42], [42, -29], [42, 43], [54, 55], [57, 58], [67, 76]], "functions": {"_validate": {"executed_lines": [30, 31, 34, 35, 36, 38, 39, 40, 41], "summary": {"covered_lines": 9, "num_statements": 14, "percent_covered": 63.333333333333336, "percent_covered_display": "63", "missing_lines": 5, "excluded_lines": 0, "percent_statements_covered": 64.28571428571429, "percent_statements_covered_display": "64", "num_branches": 16, "num_partial_branches": 4, "covered_branches": 10, "missing_branches": 6, "percent_branches_covered": 62.5, "percent_branches_covered_display": "62"}, "missing_lines": [32, 33, 37, 42, 43], "excluded_lines": [], "start_line": 29, "executed_branches": [[31, 34], [34, 35], [34, 41], [35, 36], [35, 38], [36, 35], [38, -29], [38, 39], [39, 40], [41, -29]], "missing_branches": [[31, 32], [36, 37], [39, 38], [41, 42], [42, -29], [42, 43]]}, "JsonSchemaVerifier.verify": {"executed_lines": [52, 53, 54, 56, 57, 59, 60, 63, 64, 65, 66, 67, 68, 76], "summary": {"covered_lines": 14, "num_statements": 18, "percent_covered": 70.83333333333333, "percent_covered_display": "71", "missing_lines": 4, "excluded_lines": 0, "percent_statements_covered": 77.77777777777777, "percent_statements_covered_display": "78", "num_branches": 6, "num_partial_branches": 3, "covered_branches": 3, "missing_branches": 3, "percent_branches_covered": 50.0, "percent_branches_covered_display": "50"}, "missing_lines": [55, 58, 61, 62], "excluded_lines": [], "start_line": 49, "executed_branches": [[54, 56], [57, 59], [67, 68]], "missing_branches": [[54, 55], [57, 58], [67, 76]]}, "": {"executed_lines": [8, 10, 11, 12, 14, 15, 16, 18, 29, 46, 47, 49], "summary": {"covered_lines": 12, "num_statements": 12, "percent_covered": 100.0, "percent_covered_display": "100", "missing_lines": 0, "excluded_lines": 0, "percent_statements_covered": 100.0, "percent_statements_covered_display": "100", "num_branches": 0, "num_partial_branches": 0, "covered_branches": 0, "missing_branches": 0, "percent_branches_covered": 100.0, "percent_branches_covered_display": "100"}, "missing_lines": [], "excluded_lines": [], "start_line": 1, "executed_branches": [], "missing_branches": []}}, "classes": {"JsonSchemaVerifier": {"executed_lines": [52, 53, 54, 56, 57, 59, 60, 63, 64, 65, 66, 67, 68, 76], "summary": {"covered_lines": 14, "num_statements": 18, "percent_covered": 70.83333333333333, "percent_covered_display": "71", "missing_lines": 4, "excluded_lines": 0, "percent_statements_covered": 77.77777777777777, "percent_statements_covered_display": "78", "num_branches": 6, "num_partial_branches": 3, "covered_branches": 3, "missing_branches": 3, "percent_branches_covered": 50.0, "percent_branches_covered_display": "50"}, "missing_lines": [55, 58, 61, 62], "excluded_lines": [], "start_line": 46, "executed_branches": [[54, 56], [57, 59], [67, 68]], "missing_branches": [[54, 55], [57, 58], [67, 76]]}, "": {"executed_lines": [8, 10, 11, 12, 14, 15, 16, 18, 29, 30, 31, 34, 35, 36, 38, 39, 40, 41, 46, 47, 49], "summary": {"covered_lines": 21, "num_statements": 26, "percent_covered": 73.80952380952381, "percent_covered_display": "74", "missing_lines": 5, "excluded_lines": 0, "percent_statements_covered": 80.76923076923077, "percent_statements_covered_display": "81", "num_branches": 16, "num_partial_branches": 4, "covered_branches": 10, "missing_branches": 6, "percent_branches_covered": 62.5, "percent_branches_covered_display": "62"}, "missing_lines": [32, 33, 37, 42, 43], "excluded_lines": [], "start_line": 1, "executed_branches": [[31, 34], [34, 35], [34, 41], [35, 36], [35, 38], [36, 35], [38, -29], [38, 39], [39, 40], [41, -29]], "missing_branches": [[31, 32], [36, 37], [39, 38], [41, 42], [42, -29], [42, 43]]}}}, "src/lhos/verification/llm_verifier.py": {"executed_lines": [8, 10, 11, 12, 13, 16, 17, 19, 20, 21, 23], "summary": {"covered_lines": 11, "num_statements": 20, "percent_covered": 45.833333333333336, "percent_covered_display": "46", "missing_lines": 9, "excluded_lines": 0, "percent_statements_covered": 55.0, "percent_statements_covered_display": "55", "num_branches": 4, "num_partial_branches": 0, "covered_branches": 0, "missing_branches": 4, "percent_branches_covered": 0.0, "percent_branches_covered_display": "0"}, "missing_lines": [26, 27, 30, 31, 32, 33, 38, 39, 40], "excluded_lines": [], "executed_branches": [], "missing_branches": [[26, 27], [26, 30], [30, 31], [30, 32]], "functions": {"LlmJudgeVerifier.__init__": {"executed_lines": [20, 21], "summary": {"covered_lines": 2, "num_statements": 2, "percent_covered": 100.0, "percent_covered_display": "100", "missing_lines": 0, "excluded_lines": 0, "percent_statements_covered": 100.0, "percent_statements_covered_display": "100", "num_branches": 0, "num_partial_branches": 0, "covered_branches": 0, "missing_branches": 0, "percent_branches_covered": 100.0, "percent_branches_covered_display": "100"}, "missing_lines": [], "excluded_lines": [], "start_line": 19, "executed_branches": [], "missing_branches": []}, "LlmJudgeVerifier.verify": {"executed_lines": [], "summary": {"covered_lines": 0, "num_statements": 9, "percent_covered": 0.0, "percent_covered_display": "0", "missing_lines": 9, "excluded_lines": 0, "percent_statements_covered": 0.0, "percent_statements_covered_display": "0", "num_branches": 4, "num_partial_branches": 0, "covered_branches": 0, "missing_branches": 4, "percent_branches_covered": 0.0, "percent_branches_covered_display": "0"}, "missing_lines": [26, 27, 30, 31, 32, 33, 38, 39, 40], "excluded_lines": [], "start_line": 23, "executed_branches": [], "missing_branches": [[26, 27], [26, 30], [30, 31], [30, 32]]}, "": {"executed_lines": [8, 10, 11, 12, 13, 16, 17, 19, 23], "summary": {"covered_lines": 9, "num_statements": 9, "percent_covered": 100.0, "percent_covered_display": "100", "missing_lines": 0, "excluded_lines": 0, "percent_statements_covered": 100.0, "percent_statements_covered_display": "100", "num_branches": 0, "num_partial_branches": 0, "covered_branches": 0, "missing_branches": 0, "percent_branches_covered": 100.0, "percent_branches_covered_display": "100"}, "missing_lines": [], "excluded_lines": [], "start_line": 1, "executed_branches": [], "missing_branches": []}}, "classes": {"LlmJudgeVerifier": {"executed_lines": [20, 21], "summary": {"covered_lines": 2, "num_statements": 11, "percent_covered": 13.333333333333334, "percent_covered_display": "13", "missing_lines": 9, "excluded_lines": 0, "percent_statements_covered": 18.181818181818183, "percent_statements_covered_display": "18", "num_branches": 4, "num_partial_branches": 0, "covered_branches": 0, "missing_branches": 4, "percent_branches_covered": 0.0, "percent_branches_covered_display": "0"}, "missing_lines": [26, 27, 30, 31, 32, 33, 38, 39, 40], "excluded_lines": [], "start_line": 16, "executed_branches": [], "missing_branches": [[26, 27], [26, 30], [30, 31], [30, 32]]}, "": {"executed_lines": [8, 10, 11, 12, 13, 16, 17, 19, 23], "summary": {"covered_lines": 9, "num_statements": 9, "percent_covered": 100.0, "percent_covered_display": "100", "missing_lines": 0, "excluded_lines": 0, "percent_statements_covered": 100.0, "percent_statements_covered_display": "100", "num_branches": 0, "num_partial_branches": 0, "covered_branches": 0, "missing_branches": 0, "percent_branches_covered": 100.0, "percent_branches_covered_display": "100"}, "missing_lines": [], "excluded_lines": [], "start_line": 1, "executed_branches": [], "missing_branches": []}}}, "src/lhos/verification/registry.py": {"executed_lines": [3, 4, 7, 8, 9, 11, 12, 14, 15, 17, 19, 23, 24, 25, 30, 36, 37, 39, 40, 41, 42, 43, 44, 45, 46, 47, 48, 49, 50, 51], "summary": {"covered_lines": 30, "num_statements": 32, "percent_covered": 91.17647058823529, "percent_covered_display": "91", "missing_lines": 2, "excluded_lines": 0, "percent_statements_covered": 93.75, "percent_statements_covered_display": "94", "num_branches": 2, "num_partial_branches": 1, "covered_branches": 1, "missing_branches": 1, "percent_branches_covered": 50.0, "percent_branches_covered_display": "50"}, "missing_lines": [16, 20], "excluded_lines": [], "executed_branches": [[15, 17]], "missing_branches": [[15, 16]], "functions": {"VerifierRegistry.__init__": {"executed_lines": [9], "summary": {"covered_lines": 1, "num_statements": 1, "percent_covered": 100.0, "percent_covered_display": "100", "missing_lines": 0, "excluded_lines": 0, "percent_statements_covered": 100.0, "percent_statements_covered_display": "100", "num_branches": 0, "num_partial_branches": 0, "covered_branches": 0, "missing_branches": 0, "percent_branches_covered": 100.0, "percent_branches_covered_display": "100"}, "missing_lines": [], "excluded_lines": [], "start_line": 8, "executed_branches": [], "missing_branches": []}, "VerifierRegistry.register": {"executed_lines": [12], "summary": {"covered_lines": 1, "num_statements": 1, "percent_covered": 100.0, "percent_covered_display": "100", "missing_lines": 0, "excluded_lines": 0, "percent_statements_covered": 100.0, "percent_statements_covered_display": "100", "num_branches": 0, "num_partial_branches": 0, "covered_branches": 0, "missing_branches": 0, "percent_branches_covered": 100.0, "percent_branches_covered_display": "100"}, "missing_lines": [], "excluded_lines": [], "start_line": 11, "executed_branches": [], "missing_branches": []}, "VerifierRegistry.get": {"executed_lines": [15, 17], "summary": {"covered_lines": 2, "num_statements": 3, "percent_covered": 60.0, "percent_covered_display": "60", "missing_lines": 1, "excluded_lines": 0, "percent_statements_covered": 66.66666666666667, "percent_statements_covered_display": "67", "num_branches": 2, "num_partial_branches": 1, "covered_branches": 1, "missing_branches": 1, "percent_branches_covered": 50.0, "percent_branches_covered_display": "50"}, "missing_lines": [16], "excluded_lines": [], "start_line": 14, "executed_branches": [[15, 17]], "missing_branches": [[15, 16]]}, "VerifierRegistry.names": {"executed_lines": [], "summary": {"covered_lines": 0, "num_statements": 1, "percent_covered": 0.0, "percent_covered_display": "0", "missing_lines": 1, "excluded_lines": 0, "percent_statements_covered": 0.0, "percent_statements_covered_display": "0", "num_branches": 0, "num_partial_branches": 0, "covered_branches": 0, "missing_branches": 0, "percent_branches_covered": 100.0, "percent_branches_covered_display": "100"}, "missing_lines": [20], "excluded_lines": [], "start_line": 19, "executed_branches": [], "missing_branches": []}, "build_default_registry": {"executed_lines": [24, 25, 30, 36, 37, 39, 40, 41, 42, 43, 44, 45, 46, 47, 48, 49, 50, 51], "summary": {"covered_lines": 18, "num_statements": 18, "percent_covered": 100.0, "percent_covered_display": "100", "missing_lines": 0, "excluded_lines": 0, "percent_statements_covered": 100.0, "percent_statements_covered_display": "100", "num_branches": 0, "num_partial_branches": 0, "covered_branches": 0, "missing_branches": 0, "percent_branches_covered": 100.0, "percent_branches_covered_display": "100"}, "missing_lines": [], "excluded_lines": [], "start_line": 23, "executed_branches": [], "missing_branches": []}, "": {"executed_lines": [3, 4, 7, 8, 11, 14, 19, 23], "summary": {"covered_lines": 8, "num_statements": 8, "percent_covered": 100.0, "percent_covered_display": "100", "missing_lines": 0, "excluded_lines": 0, "percent_statements_covered": 100.0, "percent_statements_covered_display": "100", "num_branches": 0, "num_partial_branches": 0, "covered_branches": 0, "missing_branches": 0, "percent_branches_covered": 100.0, "percent_branches_covered_display": "100"}, "missing_lines": [], "excluded_lines": [], "start_line": 1, "executed_branches": [], "missing_branches": []}}, "classes": {"VerifierRegistry": {"executed_lines": [9, 12, 15, 17], "summary": {"covered_lines": 4, "num_statements": 6, "percent_covered": 62.5, "percent_covered_display": "62", "missing_lines": 2, "excluded_lines": 0, "percent_statements_covered": 66.66666666666667, "percent_statements_covered_display": "67", "num_branches": 2, "num_partial_branches": 1, "covered_branches": 1, "missing_branches": 1, "percent_branches_covered": 50.0, "percent_branches_covered_display": "50"}, "missing_lines": [16, 20], "excluded_lines": [], "start_line": 7, "executed_branches": [[15, 17]], "missing_branches": [[15, 16]]}, "": {"executed_lines": [3, 4, 7, 8, 11, 14, 19, 23, 24, 25, 30, 36, 37, 39, 40, 41, 42, 43, 44, 45, 46, 47, 48, 49, 50, 51], "summary": {"covered_lines": 26, "num_statements": 26, "percent_covered": 100.0, "percent_covered_display": "100", "missing_lines": 0, "excluded_lines": 0, "percent_statements_covered": 100.0, "percent_statements_covered_display": "100", "num_branches": 0, "num_partial_branches": 0, "covered_branches": 0, "missing_branches": 0, "percent_branches_covered": 100.0, "percent_branches_covered_display": "100"}, "missing_lines": [], "excluded_lines": [], "start_line": 1, "executed_branches": [], "missing_branches": []}}}}, "totals": {"covered_lines": 2812, "num_statements": 3721, "percent_covered": 73.68759374330405, "percent_covered_display": "74", "missing_lines": 909, "excluded_lines": 136, "percent_statements_covered": 75.57108304219295, "percent_statements_covered_display": "76", "num_branches": 946, "num_partial_branches": 159, "covered_branches": 627, "missing_branches": 319, "percent_branches_covered": 66.27906976744185, "percent_branches_covered_display": "66"}}